Log file open, 01/13/19 18:40:47
LogWindows: Failed to load 'aqProf.dll' (GetLastError=126)
LogWindows: File 'aqProf.dll' does not exist
LogWindows: Failed to load 'VtuneApi.dll' (GetLastError=126)
LogWindows: File 'VtuneApi.dll' does not exist
LogWindows: Failed to load 'VtuneApi32e.dll' (GetLastError=126)
LogWindows: File 'VtuneApi32e.dll' does not exist
LogConsoleResponse: Display: Failed to find resolution value strings in scalability ini. Falling back to default.
LogInit: Display: Running engine for game: vfxUnreal
LogPakFile: Registered encryption key '00000000000000000000000000000000': 0 pak files mounted, 0 remain pending
LogPlatformFile: Not using cached read wrapper
LogTaskGraph: Started task graph with 5 named threads and 17 total threads with 3 sets of task threads.
LogStats: Stats thread started at 0.242845
LogD3D11RHI: Loaded GFSDK_Aftermath_Lib.x64.dll
LogICUInternationalization: ICU TimeZone Detection - Raw Offset: -7:00, Platform Override: ''
LogPluginManager: Mounting plugin Paper2D
LogPluginManager: Mounting plugin AISupport
LogPluginManager: Mounting plugin LightPropagationVolume
LogPluginManager: Mounting plugin ActorLayerUtilities
LogPluginManager: Mounting plugin CLionSourceCodeAccess
LogPluginManager: Mounting plugin CodeLiteSourceCodeAccess
LogPluginManager: Mounting plugin GitSourceControl
LogPluginManager: Mounting plugin KDevelopSourceCodeAccess
LogPluginManager: Mounting plugin NullSourceCodeAccess
LogPluginManager: Mounting plugin PerforceSourceControl
LogPluginManager: Mounting plugin SubversionSourceControl
LogPluginManager: Mounting plugin UObjectPlugin
LogPluginManager: Mounting plugin VisualStudioCodeSourceCodeAccess
LogPluginManager: Mounting plugin VisualStudioSourceCodeAccess
LogPluginManager: Mounting plugin XCodeSourceCodeAccess
LogPluginManager: Mounting plugin AssetManagerEditor
LogPluginManager: Mounting plugin CryptoKeys
LogPluginManager: Mounting plugin DataValidation
LogPluginManager: Mounting plugin EditorScriptingUtilities
LogPluginManager: Mounting plugin FacialAnimation
LogPluginManager: Mounting plugin GameplayTagsEditor
LogPluginManager: Mounting plugin MacGraphicsSwitching
LogPluginManager: Mounting plugin MeshEditor
LogPluginManager: Mounting plugin MobileLauncherProfileWizard
LogPluginManager: Mounting plugin PluginBrowser
LogPluginManager: Mounting plugin SpeedTreeImporter
LogPluginManager: Mounting plugin DatasmithContent
LogPluginManager: Mounting plugin VariantManagerContent
LogPluginManager: Mounting plugin AlembicImporter
LogPluginManager: Mounting plugin AppleImageUtils
LogPluginManager: Mounting plugin AppleVision
LogPluginManager: Mounting plugin BackChannel
LogPluginManager: Mounting plugin CharacterAI
LogPluginManager: Mounting plugin GeometryCache
LogPluginManager: Mounting plugin HTML5Networking
LogPluginManager: Mounting plugin ProxyLODPlugin
LogPluginManager: Mounting plugin MagicLeap
LogPluginManager: Mounting plugin MagicLeapMedia
LogPluginManager: Mounting plugin AndroidMedia
LogPluginManager: Mounting plugin AvfMedia
LogPluginManager: Mounting plugin ImgMedia
LogPluginManager: Mounting plugin LinearTimecode
LogPluginManager: Mounting plugin MediaCompositing
LogPluginManager: Mounting plugin MediaPlayerEditor
LogPluginManager: Mounting plugin WebMMedia
LogPluginManager: Mounting plugin WmfMedia
LogPluginManager: Mounting plugin TcpMessaging
LogPluginManager: Mounting plugin UdpMessaging
LogPluginManager: Mounting plugin ActorSequence
LogPluginManager: Mounting plugin LevelSequenceEditor
LogPluginManager: Mounting plugin MatineeToLevelSequence
LogPluginManager: Mounting plugin NetcodeUnitTest
LogPluginManager: Mounting plugin NUTUnrealEngine4
LogPluginManager: Mounting plugin OnlineSubsystemGooglePlay
LogPluginManager: Mounting plugin OnlineSubsystemIOS
LogPluginManager: Mounting plugin OnlineSubsystem
LogPluginManager: Mounting plugin OnlineSubsystemNull
LogPluginManager: Mounting plugin OnlineSubsystemUtils
LogPluginManager: Mounting plugin LauncherChunkInstaller
LogPluginManager: Mounting plugin AndroidDeviceProfileSelector
LogPluginManager: Mounting plugin AndroidMoviePlayer
LogPluginManager: Mounting plugin AndroidPermission
LogPluginManager: Mounting plugin AppleMoviePlayer
LogPluginManager: Mounting plugin ArchVisCharacter
LogPluginManager: Mounting plugin AudioCapture
LogPluginManager: Mounting plugin CableComponent
LogPluginManager: Mounting plugin CustomMeshComponent
LogPluginManager: Mounting plugin EditableMesh
LogPluginManager: Mounting plugin ExampleDeviceProfileSelector
LogPluginManager: Mounting plugin Firebase
LogPluginManager: Mounting plugin GoogleCloudMessaging
LogPluginManager: Mounting plugin IOSDeviceProfileSelector
LogPluginManager: Mounting plugin LinuxDeviceProfileSelector
LogPluginManager: Mounting plugin LocationServicesBPLibrary
LogPluginManager: Mounting plugin MobilePatchingUtils
LogPluginManager: Mounting plugin OculusVR
LogPluginManager: Mounting plugin PhysXVehicles
LogPluginManager: Mounting plugin ProceduralMeshComponent
LogPluginManager: Mounting plugin RuntimePhysXCooking
LogPluginManager: Mounting plugin SteamVR
LogPluginManager: Mounting plugin WebMMoviePlayer
LogPluginManager: Mounting plugin WindowsMoviePlayer
LogPluginManager: Mounting plugin DatasmithCADImporter
LogPluginManager: Mounting plugin DatasmithFBXImporter
LogPluginManager: Mounting plugin DatasmithImporter
LogPluginManager: Mounting plugin MDLImporter
LogPluginManager: Mounting plugin StaticMeshEditorExtension
LogPluginManager: Mounting plugin VariantManager
LogStreaming: Display: Took  0.150s to configure plugins.
LogInit: Using libcurl 7.55.1-DEV
LogInit:  - built for x86_64-pc-win32
LogInit:  - supports SSL with OpenSSL/1.0.2h
LogInit:  - supports HTTP deflate (compression) using libz 1.2.8
LogInit:  - other features:
LogInit:      CURL_VERSION_SSL
LogInit:      CURL_VERSION_LIBZ
LogInit:      CURL_VERSION_IPV6
LogInit:      CURL_VERSION_ASYNCHDNS
LogInit:      CURL_VERSION_LARGEFILE
LogInit:      CURL_VERSION_IDN
LogInit:  CurlRequestOptions (configurable via config and command line):
LogInit:  - bVerifyPeer = true  - Libcurl will verify peer certificate
LogInit:  - bUseHttpProxy = false  - Libcurl will NOT use HTTP proxy
LogInit:  - bDontReuseConnections = false  - Libcurl will reuse connections
LogInit:  - MaxHostConnections = 16  - Libcurl will limit the number of connections to a host
LogInit:  - LocalHostAddr = Default
LogInit:  - BufferSize = 65536
LogInit: WinSock: version 1.1 (2.2), MaxSocks=32767, MaxUdp=65467
LogInit: Build: ++UE4+Release-4.21-CL-4613538
LogInit: Engine Version: 4.21.1-4613538+++UE4+Release-4.21
LogInit: Compatible Engine Version: 4.21.0-4541578+++UE4+Release-4.21
LogInit: Net CL: 4541578
LogInit: OS: Windows 8.1 (), CPU: AMD FX(tm)-6300 Six-Core Processor             , GPU: AMD Radeon R9 200 Series
LogInit: Compiled (64-bit): Nov 30 2018 04:13:25
LogInit: Compiled with Visual C++: 19.13.26129.00
LogInit: Build Configuration: Development
LogInit: Branch Name: ++UE4+Release-4.21
LogInit: Command Line:  -EpicPortal -epicusername=Cliker -epicuserid=ea6893ba2fa5466d9c9d17de36268b61 -epiclocale=en-US
LogInit: Base Directory: C:/Program Files/Epic Games/UE_4.21/Engine/Binaries/Win64/
LogInit: Installed Engine Build: 1
LogDevObjectVersion: Number of dev versions registered: 22
LogDevObjectVersion:   Dev-Blueprints (B0D832E4-1F89-4F0D-ACCF-7EB736FD4AA2): 10
LogDevObjectVersion:   Dev-Build (E1C64328-A22C-4D53-A36C-8E866417BD8C): 0
LogDevObjectVersion:   Dev-Core (375EC13C-06E4-48FB-B500-84F0262A717E): 2
LogDevObjectVersion:   Dev-Editor (E4B068ED-F494-42E9-A231-DA0B2E46BB41): 26
LogDevObjectVersion:   Dev-Framework (CFFC743F-43B0-4480-9391-14DF171D2073): 34
LogDevObjectVersion:   Dev-Mobile (B02B49B5-BB20-44E9-A304-32B752E40360): 2
LogDevObjectVersion:   Dev-Networking (A4E4105C-59A1-49B5-A7C5-40C4547EDFEE): 0
LogDevObjectVersion:   Dev-Online (39C831C9-5AE6-47DC-9A44-9C173E1C8E7C): 0
LogDevObjectVersion:   Dev-Physics (78F01B33-EBEA-4F98-B9B4-84EACCB95AA2): 0
LogDevObjectVersion:   Dev-Platform (6631380F-2D4D-43E0-8009-CF276956A95A): 0
LogDevObjectVersion:   Dev-Rendering (12F88B9F-8875-4AFC-A67C-D90C383ABD29): 27
LogDevObjectVersion:   Dev-Sequencer (7B5AE74C-D270-4C10-A958-57980B212A5A): 9
LogDevObjectVersion:   Dev-VR (D7296918-1DD6-4BDD-9DE2-64A83CC13884): 2
LogDevObjectVersion:   Dev-LoadTimes (C2A15278-BFE7-4AFE-6C17-90FF531DF755): 1
LogDevObjectVersion:   Private-Geometry (6EACA3D4-40EC-4CC1-B786-8BED09428FC5): 3
LogDevObjectVersion:   Dev-AnimPhys (29E575DD-E0A3-4627-9D10-D276232CDCEA): 17
LogDevObjectVersion:   Dev-Anim (AF43A65D-7FD3-4947-9873-3E8ED9C1BB05): 2
LogDevObjectVersion:   Dev-ReflectionCapture (6B266CEC-1EC7-4B8F-A30B-E4D90942FC07): 1
LogDevObjectVersion:   Dev-Automation (0DF73D61-A23F-47EA-B727-89E90C41499A): 1
LogDevObjectVersion:   FortniteMain (601D1886-AC64-4F84-AA16-D3DE0DEAC7D6): 17
LogDevObjectVersion:   Dev-Enterprise (9DFFBCD6-494F-0158-E221-12823C92A888): 4
LogDevObjectVersion:   Dev-Niagara (F2AED0AC-9AFE-416F-8664-AA7FFA26D6FC): 1
LogStreaming: Display: Took  0.000s to delete old logs.
LogInit: Presizing for max 8388607 objects, including 0 objects not considered by GC, pre-allocating 0 bytes for permanent pool.
LogInit: Object subsystem initialized
LogConfig: Setting CVar [[con.DebugEarlyDefault:1]]
LogConfig: Setting CVar [[r.setres:1280x720]]
[2019.01.14-01.40.47:540][  0]LogConfig: Setting CVar [[r.VSync:0]]
[2019.01.14-01.40.47:540][  0]LogConfig: Setting CVar [[r.RHICmdBypass:0]]
[2019.01.14-01.40.47:540][  0]LogConfig: Applying CVar settings from Section [/Script/Engine.RendererSettings] File [C:/Users/Jonathan/Desktop/Projects/VFX/UnrealVFX/vfxUnreal/Saved/Config/Windows/Engine.ini]
[2019.01.14-01.40.47:540][  0]LogConfig: Setting CVar [[r.GPUCrashDebugging:0]]
[2019.01.14-01.40.47:540][  0]LogConfig: Applying CVar settings from Section [/Script/Engine.RendererOverrideSettings] File [C:/Users/Jonathan/Desktop/Projects/VFX/UnrealVFX/vfxUnreal/Saved/Config/Windows/Engine.ini]
[2019.01.14-01.40.47:540][  0]LogConfig: Applying CVar settings from Section [/Script/Engine.StreamingSettings] File [C:/Users/Jonathan/Desktop/Projects/VFX/UnrealVFX/vfxUnreal/Saved/Config/Windows/Engine.ini]
[2019.01.14-01.40.47:540][  0]LogConfig: Setting CVar [[s.MinBulkDataSizeForAsyncLoading:131072]]
[2019.01.14-01.40.47:540][  0]LogConfig: Setting CVar [[s.AsyncLoadingThreadEnabled:0]]
[2019.01.14-01.40.47:540][  0]LogConfig: Setting CVar [[s.EventDrivenLoaderEnabled:1]]
[2019.01.14-01.40.47:540][  0]LogConfig: Setting CVar [[s.WarnIfTimeLimitExceeded:0]]
[2019.01.14-01.40.47:540][  0]LogConfig: Setting CVar [[s.TimeLimitExceededMultiplier:1.5]]
[2019.01.14-01.40.47:540][  0]LogConfig: Setting CVar [[s.TimeLimitExceededMinTime:0.005]]
[2019.01.14-01.40.47:540][  0]LogConfig: Setting CVar [[s.UseBackgroundLevelStreaming:1]]
[2019.01.14-01.40.47:540][  0]LogConfig: Setting CVar [[s.PriorityAsyncLoadingExtraTime:15.0]]
[2019.01.14-01.40.47:540][  0]LogConfig: Setting CVar [[s.LevelStreamingActorsUpdateTimeLimit:5.0]]
[2019.01.14-01.40.47:540][  0]LogConfig: Setting CVar [[s.PriorityLevelStreamingActorsUpdateExtraTime:5.0]]
[2019.01.14-01.40.47:540][  0]LogConfig: Setting CVar [[s.LevelStreamingComponentsRegistrationGranularity:10]]
[2019.01.14-01.40.47:540][  0]LogConfig: Setting CVar [[s.UnregisterComponentsTimeLimit:1.0]]
[2019.01.14-01.40.47:540][  0]LogConfig: Setting CVar [[s.LevelStreamingComponentsUnregistrationGranularity:5]]
[2019.01.14-01.40.47:540][  0]LogConfig: Applying CVar settings from Section [/Script/Engine.GarbageCollectionSettings] File [C:/Users/Jonathan/Desktop/Projects/VFX/UnrealVFX/vfxUnreal/Saved/Config/Windows/Engine.ini]
[2019.01.14-01.40.47:540][  0]LogConfig: Setting CVar [[gc.MaxObjectsNotConsideredByGC:1]]
[2019.01.14-01.40.47:540][  0]LogConfig: Setting CVar [[gc.SizeOfPermanentObjectPool:0]]
[2019.01.14-01.40.47:540][  0]LogConfig: Setting CVar [[gc.FlushStreamingOnGC:0]]
[2019.01.14-01.40.47:540][  0]LogConfig: Setting CVar [[gc.NumRetriesBeforeForcingGC:10]]
[2019.01.14-01.40.47:540][  0]LogConfig: Setting CVar [[gc.AllowParallelGC:1]]
[2019.01.14-01.40.47:540][  0]LogConfig: Setting CVar [[gc.TimeBetweenPurgingPendingKillObjects:61.1]]
[2019.01.14-01.40.47:540][  0]LogConfig: Setting CVar [[gc.MaxObjectsInEditor:8388607]]
[2019.01.14-01.40.47:540][  0]LogConfig: Setting CVar [[gc.IncrementalBeginDestroyEnabled:1]]
[2019.01.14-01.40.47:540][  0]LogConfig: Setting CVar [[gc.CreateGCClusters:1]]
[2019.01.14-01.40.47:540][  0]LogConfig: Setting CVar [[gc.MergeGCClusters:0]]
[2019.01.14-01.40.47:540][  0]LogConfig: Setting CVar [[gc.MinGCClusterSize:5]]
[2019.01.14-01.40.47:540][  0]LogConfig: Setting CVar [[gc.ActorClusteringEnabled:0]]
[2019.01.14-01.40.47:540][  0]LogConfig: Setting CVar [[gc.BlueprintClusteringEnabled:0]]
[2019.01.14-01.40.47:540][  0]LogConfig: Setting CVar [[gc.UseDisregardForGCOnDedicatedServers:0]]
[2019.01.14-01.40.47:540][  0]LogConfig: Applying CVar settings from Section [/Script/Engine.NetworkSettings] File [C:/Users/Jonathan/Desktop/Projects/VFX/UnrealVFX/vfxUnreal/Saved/Config/Windows/Engine.ini]
[2019.01.14-01.40.47:540][  0]LogConfig: Applying CVar settings from Section [/Script/UnrealEd.CookerSettings] File [C:/Users/Jonathan/Desktop/Projects/VFX/UnrealVFX/vfxUnreal/Saved/Config/Windows/Engine.ini]
[2019.01.14-01.40.47:561][  0]LogConfig: Applying CVar settings from Section [ViewDistanceQuality@3] File [C:/Users/Jonathan/Desktop/Projects/VFX/UnrealVFX/vfxUnreal/Saved/Config/Windows/Scalability.ini]
[2019.01.14-01.40.47:561][  0]LogConfig: Setting CVar [[r.SkeletalMeshLODBias:0]]
[2019.01.14-01.40.47:561][  0]LogConfig: Setting CVar [[r.ViewDistanceScale:1.0]]
[2019.01.14-01.40.47:561][  0]LogConfig: Applying CVar settings from Section [AntiAliasingQuality@3] File [C:/Users/Jonathan/Desktop/Projects/VFX/UnrealVFX/vfxUnreal/Saved/Config/Windows/Scalability.ini]
[2019.01.14-01.40.47:561][  0]LogConfig: Setting CVar [[r.PostProcessAAQuality:4]]
[2019.01.14-01.40.47:561][  0]LogConfig: Applying CVar settings from Section [ShadowQuality@3] File [C:/Users/Jonathan/Desktop/Projects/VFX/UnrealVFX/vfxUnreal/Saved/Config/Windows/Scalability.ini]
[2019.01.14-01.40.47:561][  0]LogConfig: Setting CVar [[r.LightFunctionQuality:1]]
[2019.01.14-01.40.47:561][  0]LogConfig: Setting CVar [[r.ShadowQuality:5]]
[2019.01.14-01.40.47:561][  0]LogConfig: Setting CVar [[r.Shadow.CSM.MaxCascades:10]]
[2019.01.14-01.40.47:561][  0]LogConfig: Setting CVar [[r.Shadow.MaxResolution:2048]]
[2019.01.14-01.40.47:561][  0]LogConfig: Setting CVar [[r.Shadow.MaxCSMResolution:2048]]
[2019.01.14-01.40.47:561][  0]LogConfig: Setting CVar [[r.Shadow.RadiusThreshold:0.01]]
[2019.01.14-01.40.47:561][  0]LogConfig: Setting CVar [[r.Shadow.DistanceScale:1.0]]
[2019.01.14-01.40.47:561][  0]LogConfig: Setting CVar [[r.Shadow.CSM.TransitionScale:1.0]]
[2019.01.14-01.40.47:562][  0]LogConfig: Setting CVar [[r.Shadow.PreShadowResolutionFactor:1.0]]
[2019.01.14-01.40.47:562][  0]LogConfig: Setting CVar [[r.DistanceFieldShadowing:1]]
[2019.01.14-01.40.47:562][  0]LogConfig: Setting CVar [[r.DistanceFieldAO:1]]
[2019.01.14-01.40.47:562][  0]LogConfig: Setting CVar [[r.AOQuality:2]]
[2019.01.14-01.40.47:562][  0]LogConfig: Setting CVar [[r.VolumetricFog:1]]
[2019.01.14-01.40.47:562][  0]LogConfig: Setting CVar [[r.VolumetricFog.GridPixelSize:8]]
[2019.01.14-01.40.47:562][  0]LogConfig: Setting CVar [[r.VolumetricFog.GridSizeZ:128]]
[2019.01.14-01.40.47:562][  0]LogConfig: Setting CVar [[r.VolumetricFog.HistoryMissSupersampleCount:4]]
[2019.01.14-01.40.47:562][  0]LogConfig: Setting CVar [[r.LightMaxDrawDistanceScale:1]]
[2019.01.14-01.40.47:562][  0]LogConfig: Setting CVar [[r.CapsuleShadows:1]]
[2019.01.14-01.40.47:562][  0]LogConfig: Applying CVar settings from Section [PostProcessQuality@3] File [C:/Users/Jonathan/Desktop/Projects/VFX/UnrealVFX/vfxUnreal/Saved/Config/Windows/Scalability.ini]
[2019.01.14-01.40.47:562][  0]LogConfig: Setting CVar [[r.MotionBlurQuality:4]]
[2019.01.14-01.40.47:562][  0]LogConfig: Setting CVar [[r.AmbientOcclusionMipLevelFactor:0.4]]
[2019.01.14-01.40.47:562][  0]LogConfig: Setting CVar [[r.AmbientOcclusionMaxQuality:100]]
[2019.01.14-01.40.47:562][  0]LogConfig: Setting CVar [[r.AmbientOcclusionLevels:-1]]
[2019.01.14-01.40.47:562][  0]LogConfig: Setting CVar [[r.AmbientOcclusionRadiusScale:1.0]]
[2019.01.14-01.40.47:562][  0]LogConfig: Setting CVar [[r.DepthOfFieldQuality:2]]
[2019.01.14-01.40.47:562][  0]LogConfig: Setting CVar [[r.RenderTargetPoolMin:400]]
[2019.01.14-01.40.47:562][  0]LogConfig: Setting CVar [[r.LensFlareQuality:2]]
[2019.01.14-01.40.47:562][  0]LogConfig: Setting CVar [[r.SceneColorFringeQuality:1]]
[2019.01.14-01.40.47:562][  0]LogConfig: Setting CVar [[r.EyeAdaptationQuality:2]]
[2019.01.14-01.40.47:562][  0]LogConfig: Setting CVar [[r.BloomQuality:5]]
[2019.01.14-01.40.47:562][  0]LogConfig: Setting CVar [[r.FastBlurThreshold:100]]
[2019.01.14-01.40.47:562][  0]LogConfig: Setting CVar [[r.Upscale.Quality:3]]
[2019.01.14-01.40.47:562][  0]LogConfig: Setting CVar [[r.Tonemapper.GrainQuantization:1]]
[2019.01.14-01.40.47:562][  0]LogConfig: Setting CVar [[r.LightShaftQuality:1]]
[2019.01.14-01.40.47:562][  0]LogConfig: Setting CVar [[r.Filter.SizeScale:1]]
[2019.01.14-01.40.47:562][  0]LogConfig: Setting CVar [[r.Tonemapper.Quality:5]]
[2019.01.14-01.40.47:562][  0]LogConfig: Setting CVar [[r.DOF.Gather.AccumulatorQuality:1        ; higher gathering accumulator quality]]
[2019.01.14-01.40.47:562][  0]LogConfig: Setting CVar [[r.DOF.Gather.PostfilterMethod:1          ; Median3x3 postfilering method]]
[2019.01.14-01.40.47:562][  0]LogConfig: Setting CVar [[r.DOF.Gather.EnableBokehSettings:0       ; no bokeh simulation when gathering]]
[2019.01.14-01.40.47:562][  0]LogConfig: Setting CVar [[r.DOF.Gather.RingCount:4                 ; medium number of samples when gathering]]
[2019.01.14-01.40.47:562][  0]LogConfig: Setting CVar [[r.DOF.Scatter.ForegroundCompositing:1    ; additive foreground scattering]]
[2019.01.14-01.40.47:562][  0]LogConfig: Setting CVar [[r.DOF.Scatter.BackgroundCompositing:2    ; additive background scattering]]
[2019.01.14-01.40.47:562][  0]LogConfig: Setting CVar [[r.DOF.Scatter.EnableBokehSettings:1      ; bokeh simulation when scattering]]
[2019.01.14-01.40.47:562][  0]LogConfig: Setting CVar [[r.DOF.Scatter.MaxSpriteRatio:0.1         ; only a maximum of 10% of scattered bokeh]]
[2019.01.14-01.40.47:562][  0]LogConfig: Setting CVar [[r.DOF.Recombine.Quality:1                ; cheap slight out of focus]]
[2019.01.14-01.40.47:562][  0]LogConfig: Setting CVar [[r.DOF.Recombine.EnableBokehSettings:0    ; no bokeh simulation on slight out of focus]]
[2019.01.14-01.40.47:562][  0]LogConfig: Setting CVar [[r.DOF.TemporalAAQuality:1                ; more stable temporal accumulation]]
[2019.01.14-01.40.47:562][  0]LogConfig: Setting CVar [[r.DOF.Kernel.MaxForegroundRadius:0.025]]
[2019.01.14-01.40.47:562][  0]LogConfig: Setting CVar [[r.DOF.Kernel.MaxBackgroundRadius:0.025]]
[2019.01.14-01.40.47:562][  0]LogConfig: Applying CVar settings from Section [TextureQuality@3] File [C:/Users/Jonathan/Desktop/Projects/VFX/UnrealVFX/vfxUnreal/Saved/Config/Windows/Scalability.ini]
[2019.01.14-01.40.47:562][  0]LogConfig: Setting CVar [[r.Streaming.MipBias:0]]
[2019.01.14-01.40.47:562][  0]LogConfig: Setting CVar [[r.Streaming.AmortizeCPUToGPUCopy:0]]
[2019.01.14-01.40.47:562][  0]LogConfig: Setting CVar [[r.Streaming.MaxNumTexturesToStreamPerFrame:0]]
[2019.01.14-01.40.47:562][  0]LogConfig: Setting CVar [[r.Streaming.Boost:1]]
[2019.01.14-01.40.47:562][  0]LogConfig: Setting CVar [[r.MaxAnisotropy:8]]
[2019.01.14-01.40.47:562][  0]LogConfig: Setting CVar [[r.Streaming.LimitPoolSizeToVRAM:0]]
[2019.01.14-01.40.47:562][  0]LogConfig: Setting CVar [[r.Streaming.PoolSize:1000]]
[2019.01.14-01.40.47:563][  0]LogConfig: Setting CVar [[r.Streaming.MaxEffectiveScreenSize:0]]
[2019.01.14-01.40.47:563][  0]LogConfig: Applying CVar settings from Section [EffectsQuality@3] File [C:/Users/Jonathan/Desktop/Projects/VFX/UnrealVFX/vfxUnreal/Saved/Config/Windows/Scalability.ini]
[2019.01.14-01.40.47:563][  0]LogConfig: Setting CVar [[r.TranslucencyLightingVolumeDim:64]]
[2019.01.14-01.40.47:563][  0]LogConfig: Setting CVar [[r.RefractionQuality:2]]
[2019.01.14-01.40.47:563][  0]LogConfig: Setting CVar [[r.SSR.Quality:3]]
[2019.01.14-01.40.47:563][  0]LogConfig: Setting CVar [[r.SceneColorFormat:4]]
[2019.01.14-01.40.47:563][  0]LogConfig: Setting CVar [[r.DetailMode:2]]
[2019.01.14-01.40.47:563][  0]LogConfig: Setting CVar [[r.TranslucencyVolumeBlur:1]]
[2019.01.14-01.40.47:563][  0]LogConfig: Setting CVar [[r.MaterialQualityLevel:1 ; High quality]]
[2019.01.14-01.40.47:563][  0]LogConfig: Setting CVar [[r.SSS.Scale:1]]
[2019.01.14-01.40.47:563][  0]LogConfig: Setting CVar [[r.SSS.SampleSet:2]]
[2019.01.14-01.40.47:563][  0]LogConfig: Setting CVar [[r.SSS.Quality:1]]
[2019.01.14-01.40.47:563][  0]LogConfig: Setting CVar [[r.SSS.HalfRes:1]]
[2019.01.14-01.40.47:563][  0]LogConfig: Setting CVar [[r.EmitterSpawnRateScale:1.0]]
[2019.01.14-01.40.47:563][  0]LogConfig: Setting CVar [[r.ParticleLightQuality:2]]
[2019.01.14-01.40.47:563][  0]LogConfig: Applying CVar settings from Section [FoliageQuality@3] File [C:/Users/Jonathan/Desktop/Projects/VFX/UnrealVFX/vfxUnreal/Saved/Config/Windows/Scalability.ini]
[2019.01.14-01.40.47:563][  0]LogConfig: Setting CVar [[foliage.DensityScale:1.0]]
[2019.01.14-01.40.47:563][  0]LogConfig: Setting CVar [[grass.DensityScale:1.0]]
[2019.01.14-01.40.47:563][  0]LogInit: Selected Device Profile: [Windows]
[2019.01.14-01.40.47:563][  0]LogInit: Applying CVar settings loaded from the selected device profile: [Windows]
[2019.01.14-01.40.47:579][  0]LogHAL: Display: Platform has ~ 16 GB [16623235072 / 17179869184 / 16], which maps to Larger [LargestMinGB=32, LargerMinGB=12, DefaultMinGB=8, SmallerMinGB=6, SmallestMinGB=0)
[2019.01.14-01.40.47:579][  0]LogConfig: Setting CVar [[r.Vulkan.UseRealUBs:1]]
[2019.01.14-01.40.47:579][  0]LogInit: Going up to parent DeviceProfile []
[2019.01.14-01.40.47:579][  0]LogConfig: Applying CVar settings from Section [ViewDistanceQuality@Cine] File [C:/Users/Jonathan/Desktop/Projects/VFX/UnrealVFX/vfxUnreal/Saved/Config/Windows/Scalability.ini]
[2019.01.14-01.40.47:579][  0]LogConfig: Setting CVar [[r.SkeletalMeshLODBias:0]]
[2019.01.14-01.40.47:579][  0]LogConfig: Setting CVar [[r.ViewDistanceScale:10.0]]
[2019.01.14-01.40.47:579][  0]LogConfig: Applying CVar settings from Section [AntiAliasingQuality@1] File [C:/Users/Jonathan/Desktop/Projects/VFX/UnrealVFX/vfxUnreal/Saved/Config/Windows/Scalability.ini]
[2019.01.14-01.40.47:579][  0]LogConfig: Setting CVar [[r.PostProcessAAQuality:2]]
[2019.01.14-01.40.47:580][  0]LogConfig: Applying CVar settings from Section [ShadowQuality@Cine] File [C:/Users/Jonathan/Desktop/Projects/VFX/UnrealVFX/vfxUnreal/Saved/Config/Windows/Scalability.ini]
[2019.01.14-01.40.47:580][  0]LogConfig: Setting CVar [[r.LightFunctionQuality:1]]
[2019.01.14-01.40.47:580][  0]LogConfig: Setting CVar [[r.ShadowQuality:5]]
[2019.01.14-01.40.47:580][  0]LogConfig: Setting CVar [[r.Shadow.CSM.MaxCascades:10]]
[2019.01.14-01.40.47:580][  0]LogConfig: Setting CVar [[r.Shadow.MaxResolution:4096]]
[2019.01.14-01.40.47:580][  0]LogConfig: Setting CVar [[r.Shadow.MaxCSMResolution:4096]]
[2019.01.14-01.40.47:580][  0]LogConfig: Setting CVar [[r.Shadow.RadiusThreshold:0]]
[2019.01.14-01.40.47:580][  0]LogConfig: Setting CVar [[r.Shadow.DistanceScale:1.0]]
[2019.01.14-01.40.47:580][  0]LogConfig: Setting CVar [[r.Shadow.CSM.TransitionScale:1.0]]
[2019.01.14-01.40.47:580][  0]LogConfig: Setting CVar [[r.Shadow.PreShadowResolutionFactor:1.0]]
[2019.01.14-01.40.47:580][  0]LogConfig: Setting CVar [[r.DistanceFieldShadowing:1]]
[2019.01.14-01.40.47:580][  0]LogConfig: Setting CVar [[r.DistanceFieldAO:1]]
[2019.01.14-01.40.47:580][  0]LogConfig: Setting CVar [[r.AOQuality:2]]
[2019.01.14-01.40.47:580][  0]LogConfig: Setting CVar [[r.VolumetricFog:1]]
[2019.01.14-01.40.47:580][  0]LogConfig: Setting CVar [[r.VolumetricFog.GridPixelSize:4]]
[2019.01.14-01.40.47:580][  0]LogConfig: Setting CVar [[r.VolumetricFog.GridSizeZ:128]]
[2019.01.14-01.40.47:580][  0]LogConfig: Setting CVar [[r.VolumetricFog.HistoryMissSupersampleCount:16]]
[2019.01.14-01.40.47:580][  0]LogConfig: Setting CVar [[r.LightMaxDrawDistanceScale:1]]
[2019.01.14-01.40.47:580][  0]LogConfig: Setting CVar [[r.CapsuleShadows:1]]
[2019.01.14-01.40.47:580][  0]LogConfig: Applying CVar settings from Section [PostProcessQuality@Cine] File [C:/Users/Jonathan/Desktop/Projects/VFX/UnrealVFX/vfxUnreal/Saved/Config/Windows/Scalability.ini]
[2019.01.14-01.40.47:580][  0]LogConfig: Setting CVar [[r.MotionBlurQuality:4]]
[2019.01.14-01.40.47:580][  0]LogConfig: Setting CVar [[r.AmbientOcclusionMipLevelFactor:0.4]]
[2019.01.14-01.40.47:580][  0]LogConfig: Setting CVar [[r.AmbientOcclusionMaxQuality:100]]
[2019.01.14-01.40.47:580][  0]LogConfig: Setting CVar [[r.AmbientOcclusionLevels:-1]]
[2019.01.14-01.40.47:580][  0]LogConfig: Setting CVar [[r.AmbientOcclusionRadiusScale:1.0]]
[2019.01.14-01.40.47:580][  0]LogConfig: Setting CVar [[r.DepthOfFieldQuality:4]]
[2019.01.14-01.40.47:580][  0]LogConfig: Setting CVar [[r.RenderTargetPoolMin:1000]]
[2019.01.14-01.40.47:580][  0]LogConfig: Setting CVar [[r.LensFlareQuality:3]]
[2019.01.14-01.40.47:580][  0]LogConfig: Setting CVar [[r.SceneColorFringeQuality:1]]
[2019.01.14-01.40.47:580][  0]LogConfig: Setting CVar [[r.EyeAdaptationQuality:2]]
[2019.01.14-01.40.47:580][  0]LogConfig: Setting CVar [[r.BloomQuality:5]]
[2019.01.14-01.40.47:580][  0]LogConfig: Setting CVar [[r.FastBlurThreshold:100]]
[2019.01.14-01.40.47:580][  0]LogConfig: Setting CVar [[r.Upscale.Quality:3]]
[2019.01.14-01.40.47:580][  0]LogConfig: Setting CVar [[r.Tonemapper.GrainQuantization:1]]
[2019.01.14-01.40.47:580][  0]LogConfig: Setting CVar [[r.LightShaftQuality:1]]
[2019.01.14-01.40.47:580][  0]LogConfig: Setting CVar [[r.Filter.SizeScale:1]]
[2019.01.14-01.40.47:580][  0]LogConfig: Setting CVar [[r.Tonemapper.Quality:5]]
[2019.01.14-01.40.47:580][  0]LogConfig: Setting CVar [[r.DOF.Gather.AccumulatorQuality:1        ; higher gathering accumulator quality]]
[2019.01.14-01.40.47:580][  0]LogConfig: Setting CVar [[r.DOF.Gather.PostfilterMethod:1          ; Median3x3 postfilering method]]
[2019.01.14-01.40.47:580][  0]LogConfig: Setting CVar [[r.DOF.Gather.EnableBokehSettings:1       ; bokeh simulation when gathering]]
[2019.01.14-01.40.47:580][  0]LogConfig: Setting CVar [[r.DOF.Gather.RingCount:5                 ; high number of samples when gathering]]
[2019.01.14-01.40.47:580][  0]LogConfig: Setting CVar [[r.DOF.Scatter.ForegroundCompositing:1    ; additive foreground scattering]]
[2019.01.14-01.40.47:580][  0]LogConfig: Setting CVar [[r.DOF.Scatter.BackgroundCompositing:2    ; background scattering occlusion]]
[2019.01.14-01.40.47:580][  0]LogConfig: Setting CVar [[r.DOF.Scatter.EnableBokehSettings:1      ; no bokeh simulation when scattering]]
[2019.01.14-01.40.47:580][  0]LogConfig: Setting CVar [[r.DOF.Scatter.MaxSpriteRatio:0.1         ; only a maximum of 10% of scattered bokeh]]
[2019.01.14-01.40.47:580][  0]LogConfig: Setting CVar [[r.DOF.Recombine.Quality:2                ; highest slight out of focus]]
[2019.01.14-01.40.47:580][  0]LogConfig: Setting CVar [[r.DOF.Recombine.EnableBokehSettings:1    ; bokeh simulation on slight out of focus]]
[2019.01.14-01.40.47:581][  0]LogConfig: Setting CVar [[r.DOF.TemporalAAQuality:1                ; more stable temporal accumulation]]
[2019.01.14-01.40.47:581][  0]LogConfig: Setting CVar [[r.DOF.Kernel.MaxForegroundRadius:0.025]]
[2019.01.14-01.40.47:581][  0]LogConfig: Setting CVar [[r.DOF.Kernel.MaxBackgroundRadius:0.025]]
[2019.01.14-01.40.47:581][  0]LogConfig: Applying CVar settings from Section [TextureQuality@Cine] File [C:/Users/Jonathan/Desktop/Projects/VFX/UnrealVFX/vfxUnreal/Saved/Config/Windows/Scalability.ini]
[2019.01.14-01.40.47:581][  0]LogConfig: Setting CVar [[r.Streaming.MipBias:0]]
[2019.01.14-01.40.47:581][  0]LogConfig: Setting CVar [[r.Streaming.AmortizeCPUToGPUCopy:0]]
[2019.01.14-01.40.47:581][  0]LogConfig: Setting CVar [[r.Streaming.MaxNumTexturesToStreamPerFrame:0]]
[2019.01.14-01.40.47:581][  0]LogConfig: Setting CVar [[r.Streaming.Boost:1]]
[2019.01.14-01.40.47:581][  0]LogConfig: Setting CVar [[r.MaxAnisotropy:8]]
[2019.01.14-01.40.47:581][  0]LogConfig: Setting CVar [[r.Streaming.LimitPoolSizeToVRAM:0]]
[2019.01.14-01.40.47:581][  0]LogConfig: Setting CVar [[r.Streaming.PoolSize:3000]]
[2019.01.14-01.40.47:581][  0]LogConfig: Setting CVar [[r.Streaming.MaxEffectiveScreenSize:0]]
[2019.01.14-01.40.47:581][  0]LogConfig: Applying CVar settings from Section [EffectsQuality@Cine] File [C:/Users/Jonathan/Desktop/Projects/VFX/UnrealVFX/vfxUnreal/Saved/Config/Windows/Scalability.ini]
[2019.01.14-01.40.47:581][  0]LogConfig: Setting CVar [[r.TranslucencyLightingVolumeDim:64]]
[2019.01.14-01.40.47:581][  0]LogConfig: Setting CVar [[r.RefractionQuality:2]]
[2019.01.14-01.40.47:581][  0]LogConfig: Setting CVar [[r.SSR.Quality:4]]
[2019.01.14-01.40.47:581][  0]LogConfig: Setting CVar [[r.SceneColorFormat:4]]
[2019.01.14-01.40.47:581][  0]LogConfig: Setting CVar [[r.DetailMode:2]]
[2019.01.14-01.40.47:581][  0]LogConfig: Setting CVar [[r.TranslucencyVolumeBlur:1]]
[2019.01.14-01.40.47:581][  0]LogConfig: Setting CVar [[r.MaterialQualityLevel:1 ; High quality]]
[2019.01.14-01.40.47:581][  0]LogConfig: Setting CVar [[r.SSS.Scale:1]]
[2019.01.14-01.40.47:581][  0]LogConfig: Setting CVar [[r.SSS.SampleSet:2]]
[2019.01.14-01.40.47:581][  0]LogConfig: Setting CVar [[r.SSS.Quality:1]]
[2019.01.14-01.40.47:581][  0]LogConfig: Setting CVar [[r.SSS.HalfRes:0]]
[2019.01.14-01.40.47:581][  0]LogConfig: Setting CVar [[r.EmitterSpawnRateScale:1.0]]
[2019.01.14-01.40.47:581][  0]LogConfig: Setting CVar [[r.ParticleLightQuality:2]]
[2019.01.14-01.40.47:581][  0]LogConfig: Applying CVar settings from Section [FoliageQuality@Cine] File [C:/Users/Jonathan/Desktop/Projects/VFX/UnrealVFX/vfxUnreal/Saved/Config/Windows/Scalability.ini]
[2019.01.14-01.40.47:581][  0]LogConfig: Setting CVar [[foliage.DensityScale:1.0]]
[2019.01.14-01.40.47:581][  0]LogConfig: Setting CVar [[grass.DensityScale:1.0]]
[2019.01.14-01.40.47:581][  0]LogConfig: Applying CVar settings from Section [Startup] File [../../../Engine/Config/ConsoleVariables.ini]
[2019.01.14-01.40.47:581][  0]LogConfig: Setting CVar [[net.UseAdaptiveNetUpdateFrequency:0]]
[2019.01.14-01.40.47:581][  0]LogConfig: Applying CVar settings from Section [ConsoleVariables] File [C:/Users/Jonathan/Desktop/Projects/VFX/UnrealVFX/vfxUnreal/Saved/Config/Windows/Engine.ini]
[2019.01.14-01.40.47:581][  0]LogInit: Computer: JONATHAN-BISHOP
[2019.01.14-01.40.47:581][  0]LogInit: User: Jonathan
[2019.01.14-01.40.47:582][  0]LogInit: CPU Page size=4096, Cores=3
[2019.01.14-01.40.47:582][  0]LogInit: High frequency timer resolution =14.318180 MHz
[2019.01.14-01.40.47:582][  0]LogMemory: Memory total: Physical=15.5GB (16GB approx)
[2019.01.14-01.40.47:582][  0]LogMemory: Platform Memory Stats for Windows
[2019.01.14-01.40.47:582][  0]LogMemory: Process Physical Memory: 100.43 MB used, 100.43 MB peak
[2019.01.14-01.40.47:582][  0]LogMemory: Process Virtual Memory: 92.64 MB used, 92.64 MB peak
[2019.01.14-01.40.47:582][  0]LogMemory: Physical Memory: 8175.64 MB used,  7677.51 MB free, 15853.15 MB total
[2019.01.14-01.40.47:582][  0]LogMemory: Virtual Memory: 491.23 MB used,  134217240.00 MB free, 134217728.00 MB total
[2019.01.14-01.40.47:604][  0]LogInit: Using OS detected language (en-US).
[2019.01.14-01.40.47:604][  0]LogInit: Using OS detected locale (en-US).
[2019.01.14-01.40.47:604][  0]LogTextLocalizationManager: No specific localization for 'en-US' exists, so the 'en' localization will be used.
[2019.01.14-01.40.48:129][  0]LogStreaming: Display: Took  0.525s to InitEngineTextLocalization.
[2019.01.14-01.40.48:129][  0]LogInit: Setting process to per monitor DPI aware
[2019.01.14-01.40.48:190][  0]LogSlate: New Slate User Created.  User Index 0, Is Virtual User: 0
[2019.01.14-01.40.48:191][  0]LogSlate: Slate User Registered.  User Index 0, Is Virtual User: 0
[2019.01.14-01.40.48:483][  0]LogHMD: Failed to initialize OpenVR with code 110
[2019.01.14-01.40.48:484][  0]LogD3D11RHI: D3D11 adapters:
[2019.01.14-01.40.48:510][  0]LogD3D11RHI:    0. 'AMD Radeon R9 200 Series' (Feature Level 11_0)
[2019.01.14-01.40.48:511][  0]LogD3D11RHI:       4070/0/3840 MB DedicatedVideo/DedicatedSystem/SharedSystem, Outputs:2, VendorId:0x1002
[2019.01.14-01.40.48:513][  0]LogD3D11RHI:    1. 'Microsoft Basic Render Driver' (Feature Level 11_0)
[2019.01.14-01.40.48:513][  0]LogD3D11RHI:       0/0/256 MB DedicatedVideo/DedicatedSystem/SharedSystem, Outputs:0, VendorId:0x1414
[2019.01.14-01.40.48:513][  0]LogD3D11RHI: Chosen D3D11 Adapter: 0
[2019.01.14-01.40.48:519][  0]LogD3D11RHI: Creating new Direct3DDevice
[2019.01.14-01.40.48:519][  0]LogD3D11RHI:     GPU DeviceId: 0x67b1 (for the marketing name, search the web for "GPU Device Id")
[2019.01.14-01.40.48:519][  0]LogWindows: EnumDisplayDevices:
[2019.01.14-01.40.48:519][  0]LogWindows:    0. 'AMD Radeon R9 200 Series' (P:1 D:1)
[2019.01.14-01.40.48:520][  0]LogWindows:    1. 'AMD Radeon R9 200 Series' (P:0 D:1)
[2019.01.14-01.40.48:520][  0]LogWindows:    2. 'AMD Radeon R9 200 Series' (P:0 D:0)
[2019.01.14-01.40.48:521][  0]LogWindows:    3. 'AMD Radeon R9 200 Series' (P:0 D:0)
[2019.01.14-01.40.48:521][  0]LogWindows:    4. 'AMD Radeon R9 200 Series' (P:0 D:0)
[2019.01.14-01.40.48:522][  0]LogWindows:    5. 'AMD Radeon R9 200 Series' (P:0 D:0)
[2019.01.14-01.40.48:522][  0]LogWindows: DebugString: FoundDriverCount:6 
[2019.01.14-01.40.48:522][  0]LogD3D11RHI:     Adapter Name: AMD Radeon R9 200 Series
[2019.01.14-01.40.48:522][  0]LogD3D11RHI:   Driver Version: Crimson ReLive 17.4.4 (internal:22.19.162.4, unified:22.19.162.4)
[2019.01.14-01.40.48:522][  0]LogD3D11RHI:      Driver Date: 4-24-2017
[2019.01.14-01.40.48:522][  0]LogRHI: Texture pool is 2849 MB (70% of 4070 MB)
[2019.01.14-01.40.48:709][  0]LogD3D11RHI: Async texture creation enabled
[2019.01.14-01.40.48:726][  0]LogD3D11RHI: GPU Timing Frequency: 27.000000 (Debug: 2 1)
[2019.01.14-01.40.49:264][  0]LogTemp: Display: Loaded TP AllDesktopTargetPlatform
[2019.01.14-01.40.49:282][  0]LogTemp: Display: Loaded TP MacClientTargetPlatform
[2019.01.14-01.40.49:301][  0]LogTemp: Display: Loaded TP MacNoEditorTargetPlatform
[2019.01.14-01.40.49:320][  0]LogTemp: Display: Loaded TP MacServerTargetPlatform
[2019.01.14-01.40.49:340][  0]LogTemp: Display: Loaded TP MacTargetPlatform
[2019.01.14-01.40.49:360][  0]LogTemp: Display: Loaded TP WindowsClientTargetPlatform
[2019.01.14-01.40.49:379][  0]LogTemp: Display: Loaded TP WindowsNoEditorTargetPlatform
[2019.01.14-01.40.49:399][  0]LogTemp: Display: Loaded TP WindowsServerTargetPlatform
[2019.01.14-01.40.49:407][  0]LogTemp: Display: Loaded TP WindowsTargetPlatform
[2019.01.14-01.40.49:523][  0]LogTemp: Display: Loaded TP AndroidTargetPlatform
[2019.01.14-01.40.49:523][  0]LogTemp: Display: Loaded TP AndroidTargetPlatform
[2019.01.14-01.40.49:524][  0]LogTemp: Display: Loaded TP AndroidTargetPlatform
[2019.01.14-01.40.49:524][  0]LogTemp: Display: Loaded TP AndroidTargetPlatform
[2019.01.14-01.40.49:524][  0]LogTemp: Display: Loaded TP AndroidTargetPlatform
[2019.01.14-01.40.49:524][  0]LogTemp: Display: Loaded TP AndroidTargetPlatform
[2019.01.14-01.40.49:524][  0]LogTemp: Display: Loaded TP AndroidTargetPlatform
[2019.01.14-01.40.49:524][  0]LogTemp: Display: Loaded TP AndroidTargetPlatform
[2019.01.14-01.40.49:524][  0]LogTemp: Display: Loaded TP AndroidTargetPlatform
[2019.01.14-01.40.49:524][  0]LogTemp: Display: Loaded TP AndroidTargetPlatform
[2019.01.14-01.40.49:524][  0]LogTemp: Display: Loaded TP AndroidTargetPlatform
[2019.01.14-01.40.49:524][  0]LogTemp: Display: Loaded TP AndroidTargetPlatform
[2019.01.14-01.40.49:524][  0]LogTemp: Display: Loaded TP AndroidTargetPlatform
[2019.01.14-01.40.49:524][  0]LogTemp: Display: Loaded TP AndroidTargetPlatform
[2019.01.14-01.40.49:524][  0]LogTemp: Display: Loaded TP AndroidTargetPlatform
[2019.01.14-01.40.49:524][  0]LogTemp: Display: Loaded TP AndroidTargetPlatform
[2019.01.14-01.40.49:524][  0]LogTemp: Display: Loaded TP AndroidTargetPlatform
[2019.01.14-01.40.49:524][  0]LogTemp: Display: Loaded TP AndroidTargetPlatform
[2019.01.14-01.40.49:526][  0]LogTemp: Display: Loaded TP HTML5TargetPlatform
[2019.01.14-01.40.49:597][  0]LogTemp: Display: Loaded TP IOSTargetPlatform
[2019.01.14-01.40.49:597][  0]LogTemp: Display: Loaded TP IOSTargetPlatform
[2019.01.14-01.40.49:631][  0]LogTemp: Display: Loaded TP TVOSTargetPlatform
[2019.01.14-01.40.49:631][  0]LogTemp: Display: Loaded TP TVOSTargetPlatform
[2019.01.14-01.40.49:648][  0]LogTemp: Display: Loaded TP LinuxClientTargetPlatform
[2019.01.14-01.40.49:668][  0]LogTemp: Display: Loaded TP LinuxNoEditorTargetPlatform
[2019.01.14-01.40.49:685][  0]LogTemp: Display: Loaded TP LinuxServerTargetPlatform
[2019.01.14-01.40.49:704][  0]LogTemp: Display: Loaded TP LinuxTargetPlatform
[2019.01.14-01.40.49:772][  0]LogTemp: Display: Loaded TP LuminTargetPlatform
[2019.01.14-01.40.49:772][  0]LogTemp: Display: Loaded TP LuminTargetPlatform
[2019.01.14-01.40.49:772][  0]LogTargetPlatformManager: Display: Building Assets For Windows
[2019.01.14-01.40.49:837][  0]LogShaderCompilers: Guid format shader working directory is -24 characters bigger than the processId version (../../../../../../Users/Jonathan/Desktop/Projects/VFX/UnrealVFX/vfxUnreal/Intermediate/Shaders/WorkingDirectory/5368/).
[2019.01.14-01.40.49:837][  0]LogShaderCompilers: Cleaned the shader compiler working directory 'C:/Users/Jonathan/AppData/Local/Temp/UnrealShaderWorkingDir/3288B15B4B773E59E57952B4526E75F1/'.
[2019.01.14-01.40.49:840][  0]LogXGEController: Cannot use XGE Controller as Incredibuild is not installed on this machine.
[2019.01.14-01.40.49:840][  0]LogShaderCompilers: Cannot use XGE Shader Compiler as Incredibuild is not installed on this machine.
[2019.01.14-01.40.49:840][  0]LogShaderCompilers: Display: Using Local Shader Compiler.
[2019.01.14-01.40.50:798][  0]LogDerivedDataCache: Display: Max Cache Size: 512 MB
[2019.01.14-01.40.50:924][  0]LogDerivedDataCache: Loaded boot cache 0.13s 86MB C:/Users/Jonathan/AppData/Local/UnrealEngine/4.21/DerivedDataCache/Boot.ddc.
[2019.01.14-01.40.50:924][  0]LogDerivedDataCache: Display: Loaded Boot cache: C:/Users/Jonathan/AppData/Local/UnrealEngine/4.21/DerivedDataCache/Boot.ddc
[2019.01.14-01.40.50:924][  0]LogDerivedDataCache: FDerivedDataBackendGraph:  Pak pak cache file ../../../../../../Users/Jonathan/Desktop/Projects/VFX/UnrealVFX/vfxUnreal/DerivedDataCache/DDC.ddp not found, will not use a pak cache.
[2019.01.14-01.40.50:924][  0]LogDerivedDataCache: Unable to find inner node Pak for hierarchical cache Hierarchy.
[2019.01.14-01.40.50:924][  0]LogDerivedDataCache: FDerivedDataBackendGraph:  CompressedPak pak cache file ../../../../../../Users/Jonathan/Desktop/Projects/VFX/UnrealVFX/vfxUnreal/DerivedDataCache/Compressed.ddp not found, will not use a pak cache.
[2019.01.14-01.40.50:924][  0]LogDerivedDataCache: Unable to find inner node CompressedPak for hierarchical cache Hierarchy.
[2019.01.14-01.40.50:946][  0]LogDerivedDataCache: Display: Pak cache opened for reading ../../../Engine/DerivedDataCache/Compressed.ddp.
[2019.01.14-01.40.50:952][  0]LogDerivedDataCache: Display: Pak cache opened for reading ../../../Enterprise/DerivedDataCache/Compressed.ddp.
[2019.01.14-01.40.50:965][  0]LogDerivedDataCache: Using Local data cache path C:/Users/Jonathan/AppData/Local/UnrealEngine/Common/DerivedDataCache: Writable
[2019.01.14-01.40.50:965][  0]LogDerivedDataCache: Shared data cache path not found in *engine.ini, will not use an Shared cache.
[2019.01.14-01.40.50:965][  0]LogDerivedDataCache: Unable to find inner node Shared for hierarchical cache Hierarchy.
[2019.01.14-01.40.51:009][  0]LogMaterial: Verifying Global Shaders for PCD3D_SM5
[2019.01.14-01.40.51:011][  0]LogSlate: Using FreeType 2.6.0
[2019.01.14-01.40.51:012][  0]LogSlate: SlateFontServices - WITH_FREETYPE: 1, WITH_HARFBUZZ: 1
[2019.01.14-01.40.51:136][  0]LogAssetRegistry: FAssetRegistry took 0.0418 seconds to start up
[2019.01.14-01.40.51:741][  0]LogInit: Selected Device Profile: [Windows]
[2019.01.14-01.40.51:977][  0]LogSimplygon: Simplygon DLL not present - disabling.
[2019.01.14-01.40.51:981][  0]LogMeshReduction: Using SimplygonSwarm for distributed automatic mesh merging
[2019.01.14-01.40.51:981][  0]LogMeshReduction: Using ProxyLODMeshReduction for automatic mesh merging
[2019.01.14-01.40.51:981][  0]LogMeshReduction: Using QuadricMeshReduction for automatic static mesh reduction
[2019.01.14-01.40.51:981][  0]LogMeshReduction: No automatic skeletal mesh reduction module available
[2019.01.14-01.40.52:001][  0]LogNetVersion: vfxUnreal 1.0.0, NetCL: 4541578, EngineNetVer: 5, GameNetVer: 0 (Checksum: 2983899016)
[2019.01.14-01.40.52:927][  0]LogPackageLocalizationCache: Processed 14 localized package path(s) for 2 prioritized culture(s) in 0.203413 seconds
[2019.01.14-01.40.52:939][  0]LogUObjectArray: 39775 objects as part of root set at end of initial load.
[2019.01.14-01.40.52:939][  0]LogUObjectAllocator: 6914656 out of 0 bytes used by permanent object pool.
[2019.01.14-01.40.52:939][  0]LogUObjectArray: CloseDisregardForGC: 0/0 objects in disregard for GC pool
[2019.01.14-01.40.54:109][  0]LogTcpMessaging: Initializing TcpMessaging bridge
[2019.01.14-01.40.54:146][  0]LogUdpMessaging: Initializing bridge on interface 0.0.0.0:0 to multicast group 230.0.0.1:6666.
[2019.01.14-01.40.54:978][  0]SourceControl: Source control is disabled
[2019.01.14-01.40.54:978][  0]SourceControl: Source control is disabled
[2019.01.14-01.40.54:982][  0]SourceControl: Source control is disabled
[2019.01.14-01.40.54:983][  0]SourceControl: Source control is disabled
[2019.01.14-01.40.55:259][  0]LogAndroidPermission: UAndroidPermissionCallbackProxy::GetInstance
[2019.01.14-01.40.55:380][  0]LogOcInput: OculusInput pre-init called
[2019.01.14-01.40.57:717][  0]LogEngine: Initializing Engine...
[2019.01.14-01.40.57:718][  0]LogHMD: Failed to initialize OpenVR with code 110
[2019.01.14-01.40.57:719][  0]LogStats: UGameplayTagsManager::ConstructGameplayTagTree: ImportINI prefixes -  0.000 s
[2019.01.14-01.40.57:719][  0]LogStats: UGameplayTagsManager::ConstructGameplayTagTree: Construct from data asset -  0.000 s
[2019.01.14-01.40.57:719][  0]LogStats: UGameplayTagsManager::ConstructGameplayTagTree: ImportINI -  0.000 s
[2019.01.14-01.40.57:719][  0]LogStats: UGameplayTagsManager::ConstructGameplayTagTree: GameplayTagTreeChangedEvent.Broadcast -  0.000 s
[2019.01.14-01.40.58:049][  0]LogInit: Initializing FReadOnlyCVARCache
[2019.01.14-01.40.58:068][  0]LogAIModule: Creating AISystem for world Untitled
[2019.01.14-01.40.58:105][  0]LogInit: XAudio2 using '1 - HP w2207 (AMD High Definition Audio Device)' : 2 channels at 48 kHz using 16 bits per sample (channel mask 0x3)
[2019.01.14-01.40.58:115][  0]LogInit: FAudioDevice initialized.
[2019.01.14-01.40.58:115][  0]LogNetVersion: Set ProjectVersion to 1.0.0.0. Version Checksum will be recalculated on next use.
[2019.01.14-01.40.58:322][  0]LogDerivedDataCache: Saved boot cache 0.21s 87MB C:/Users/Jonathan/AppData/Local/UnrealEngine/4.21/DerivedDataCache/Boot.ddc.
[2019.01.14-01.40.58:348][  0]LogInit: Texture streaming: Enabled
[2019.01.14-01.40.58:373][  0]LogEngineSessionManager: EngineSessionManager initialized
[2019.01.14-01.40.58:392][  0]LogInit: Transaction tracking system initialized
[2019.01.14-01.40.58:416][  0]BlueprintLog: New page: Editor Load
[2019.01.14-01.40.58:575][  0]LocalizationService: Localization service is disabled
[2019.01.14-01.40.59:304][  0]LogFileCache: Scanning file cache for directory 'C:/Users/Jonathan/Desktop/Projects/VFX/UnrealVFX/vfxUnreal/Content/' took 0.01s
[2019.01.14-01.40.59:304][  0]LogCook: Display: Max memory allowance for cook 16384mb min free memory 0mb
[2019.01.14-01.40.59:304][  0]LogCook: Display: Mobile HDR setting 1
[2019.01.14-01.40.59:304][  0]LogGameplayTags: Display: UGameplayTagsManager::DoneAddingNativeTags. DelegateIsBound: 0
[2019.01.14-01.40.59:304][  0]LogStats: UGameplayTagsManager::ConstructGameplayTagTree: ImportINI prefixes -  0.000 s
[2019.01.14-01.40.59:304][  0]LogStats: UGameplayTagsManager::ConstructGameplayTagTree: Construct from data asset -  0.000 s
[2019.01.14-01.40.59:304][  0]LogStats: UGameplayTagsManager::ConstructGameplayTagTree: ImportINI -  0.000 s
[2019.01.14-01.40.59:305][  0]LogStats: UGameplayTagsManager::ConstructGameplayTagTree: GameplayTagTreeChangedEvent.Broadcast -  0.000 s
[2019.01.14-01.41.01:065][  0]SourceControl: Source control is disabled
[2019.01.14-01.41.01:066][  0]Cmd: MAP LOAD FILE="../../../Engine/Content/Maps/Templates/Template_Default.umap" TEMPLATE=1 SHOWPROGRESS=1 FEATURELEVEL=3
[2019.01.14-01.41.01:066][  0]LightingResults: New page: Lighting Build
[2019.01.14-01.41.01:069][  0]MapCheck: New page: Map Check
[2019.01.14-01.41.01:069][  0]LightingResults: New page: Lighting Build
[2019.01.14-01.41.01:399][  0]LogAIModule: Creating AISystem for world Untitled_1
[2019.01.14-01.41.01:407][  0]LogEditorServer: Finished looking for orphan Actors (0.000 secs)
[2019.01.14-01.41.01:486][  0]Cmd: MAP CHECKDEP NOCLEARLOG
[2019.01.14-01.41.01:486][  0]MapCheck: Map check complete: 0 Error(s), 0 Warning(s), took 0.183ms to complete.
[2019.01.14-01.41.01:486][  0]LogFileHelpers: Loading map 'Template_Default' took 0.420
[2019.01.14-01.41.02:173][  0]LogSlate: Updating window title bar state: overlay mode, drag disabled, window buttons hidden, title bar hidden
[2019.01.14-01.41.02:186][  0]LogSlate: Updating window title bar state: overlay mode, drag disabled, window buttons hidden, title bar hidden
[2019.01.14-01.41.02:199][  0]LogSlate: Updating window title bar state: overlay mode, drag disabled, window buttons hidden, title bar hidden
[2019.01.14-01.41.02:209][  0]LogSlate: Updating window title bar state: overlay mode, drag disabled, window buttons hidden, title bar hidden
[2019.01.14-01.41.02:273][  0]LogCollectionManager: Loaded 0 collections in 0.001478 seconds
[2019.01.14-01.41.02:382][  0]LogFileCache: Scanning file cache for directory 'C:/Users/Jonathan/Desktop/Projects/VFX/UnrealVFX/vfxUnreal/Saved/Collections/' took 0.01s
[2019.01.14-01.41.02:382][  0]LogFileCache: Scanning file cache for directory 'C:/Users/Jonathan/Desktop/Projects/VFX/UnrealVFX/vfxUnreal/Content/Developers/Jonathan/Collections/' took 0.01s
[2019.01.14-01.41.02:382][  0]LogFileCache: Scanning file cache for directory 'C:/Users/Jonathan/Desktop/Projects/VFX/UnrealVFX/vfxUnreal/Content/Collections/' took 0.01s
[2019.01.14-01.41.02:382][  0]LogCollectionManager: Rebuilt the GUID cache for 0 collections in 0.000001 seconds
[2019.01.14-01.41.02:409][  0]LogContentBrowser: Native class hierarchy populated in 0.0258 seconds. Added 2710 classes and 655 folders.
[2019.01.14-01.41.02:475][  0]LogContentBrowser: Native class hierarchy updated for 'WidgetCarousel' in 0.0003 seconds. Added 0 classes and 0 folders.
[2019.01.14-01.41.02:531][  0]LogPakFile: Registered encryption key '00000000000000000000000000000000': 0 pak files mounted, 0 remain pending
[2019.01.14-01.41.02:550][  0]LogPakFile: Registered encryption key '00000000000000000000000000000000': 0 pak files mounted, 0 remain pending
[2019.01.14-01.41.02:583][  0]LogPakFile: Registered encryption key '00000000000000000000000000000000': 0 pak files mounted, 0 remain pending
[2019.01.14-01.41.02:598][  0]LogPakFile: Registered encryption key '00000000000000000000000000000000': 0 pak files mounted, 0 remain pending
[2019.01.14-01.41.02:628][  0]LogPakFile: Registered encryption key '00000000000000000000000000000000': 0 pak files mounted, 0 remain pending
[2019.01.14-01.41.02:636][  0]LogPakFile: Registered encryption key '00000000000000000000000000000000': 0 pak files mounted, 0 remain pending
[2019.01.14-01.41.02:643][  0]LogPakFile: Registered encryption key '00000000000000000000000000000000': 0 pak files mounted, 0 remain pending
[2019.01.14-01.41.02:678][  0]LogPakFile: Registered encryption key '00000000000000000000000000000000': 0 pak files mounted, 0 remain pending
[2019.01.14-01.41.02:687][  0]LogPakFile: Registered encryption key '00000000000000000000000000000000': 0 pak files mounted, 0 remain pending
[2019.01.14-01.41.02:730][  0]LogPakFile: Registered encryption key '00000000000000000000000000000000': 0 pak files mounted, 0 remain pending
[2019.01.14-01.41.02:746][  0]LogPakFile: Registered encryption key '00000000000000000000000000000000': 0 pak files mounted, 0 remain pending
[2019.01.14-01.41.02:771][  0]LogPakFile: Registered encryption key '00000000000000000000000000000000': 0 pak files mounted, 0 remain pending
[2019.01.14-01.41.02:785][  0]LogPakFile: Registered encryption key '00000000000000000000000000000000': 0 pak files mounted, 0 remain pending
[2019.01.14-01.41.02:794][  0]LogPakFile: Registered encryption key '00000000000000000000000000000000': 0 pak files mounted, 0 remain pending
[2019.01.14-01.41.02:801][  0]LogPakFile: Registered encryption key '00000000000000000000000000000000': 0 pak files mounted, 0 remain pending
[2019.01.14-01.41.02:819][  0]LogPakFile: Registered encryption key '00000000000000000000000000000000': 0 pak files mounted, 0 remain pending
[2019.01.14-01.41.02:865][  0]LogPakFile: Registered encryption key '00000000000000000000000000000000': 0 pak files mounted, 0 remain pending
[2019.01.14-01.41.02:880][  0]LogPakFile: Registered encryption key '00000000000000000000000000000000': 0 pak files mounted, 0 remain pending
[2019.01.14-01.41.02:888][  0]LogPakFile: Registered encryption key '00000000000000000000000000000000': 0 pak files mounted, 0 remain pending
[2019.01.14-01.41.02:909][  0]LogPakFile: Registered encryption key '00000000000000000000000000000000': 0 pak files mounted, 0 remain pending
[2019.01.14-01.41.02:979][  0]LogPakFile: Registered encryption key '00000000000000000000000000000000': 0 pak files mounted, 0 remain pending
[2019.01.14-01.41.02:996][  0]LogPakFile: Registered encryption key '00000000000000000000000000000000': 0 pak files mounted, 0 remain pending
[2019.01.14-01.41.03:011][  0]LogPakFile: Registered encryption key '00000000000000000000000000000000': 0 pak files mounted, 0 remain pending
[2019.01.14-01.41.03:025][  0]LogPakFile: Registered encryption key '00000000000000000000000000000000': 0 pak files mounted, 0 remain pending
[2019.01.14-01.41.03:055][  0]LogPakFile: Registered encryption key '00000000000000000000000000000000': 0 pak files mounted, 0 remain pending
[2019.01.14-01.41.03:101][  0]LogPakFile: Registered encryption key '00000000000000000000000000000000': 0 pak files mounted, 0 remain pending
[2019.01.14-01.41.03:132][  0]LogPakFile: Registered encryption key '00000000000000000000000000000000': 0 pak files mounted, 0 remain pending
[2019.01.14-01.41.03:132][  0]LogPakFile: Registered encryption key '00000000000000000000000000000000': 0 pak files mounted, 0 remain pending
[2019.01.14-01.41.03:875][  0]LogContentBrowser: Native class hierarchy updated for 'AddContentDialog' in 0.0003 seconds. Added 0 classes and 0 folders.
[2019.01.14-01.41.04:369][  0]LogSlate: Took 0.000550 seconds to synchronously load lazily loaded font '../../../Engine/Content/Slate/Fonts/Roboto-Regular.ttf' (155K)
[2019.01.14-01.41.04:398][  0]LogSlate: Took 0.000326 seconds to synchronously load lazily loaded font '../../../Engine/Content/Slate/Fonts/Roboto-Bold.ttf' (160K)
[2019.01.14-01.41.04:475][  0]LogSlate: Took 0.033304 seconds to synchronously load lazily loaded font '../../../Engine/Content/Editor/Slate/Fonts/FontAwesome.ttf' (139K)
[2019.01.14-01.41.04:835][  0]LogRenderer: Reallocating scene render targets to support 1040x628 Format 10 NumSamples 1 (Frame:1).
[2019.01.14-01.41.05:186][  0]LogContentBrowser: Native class hierarchy updated for 'HierarchicalLODOutliner' in 0.0004 seconds. Added 0 classes and 0 folders.
[2019.01.14-01.41.05:186][  0]LogLoad: (Engine Initialization) Total time: 19.39 seconds
[2019.01.14-01.41.05:186][  0]LogLoad: (Engine Initialization) Total Blueprint compile time: 0.00 seconds
[2019.01.14-01.41.05:294][  0]LogContentStreaming: Texture pool size now 3000 MB
[2019.01.14-01.41.05:457][  2]LogAssetRegistry: Asset discovery search completed in 14.3438 seconds
[2019.01.14-01.41.05:460][  2]LogCollectionManager: Rebuilt the object cache for 0 collections in 0.000001 seconds (found 0 objects)
[2019.01.14-01.41.05:460][  2]LogCollectionManager: Fixed up redirectors for 0 collections in 0.000109 seconds (updated 0 objects)
[2019.01.14-01.44.15:406][167]LogSlate: FSceneViewport::OnFocusLost() reason 2
[2019.01.14-01.44.24:377][229]LogSlate: FSceneViewport::OnFocusLost() reason 0
[2019.01.14-01.44.25:445][351]LogRenderer: Reallocating scene render targets to support 1044x628 Format 10 NumSamples 1 (Frame:1639).
[2019.01.14-01.56.03:776][498]LogSlate: FSceneViewport::OnFocusLost() reason 0
[2019.01.14-02.04.39:411][870]LogSlate: Took 0.000259 seconds to synchronously load lazily loaded font '../../../Engine/Content/Slate/Fonts/Roboto-Light.ttf' (167K)
[2019.01.14-02.20.29:304][400]LogEditorViewport: Clicking on Actor (LMB): BP_Sky_Sphere_C (Sky Sphere)
[2019.01.14-02.20.33:190][786]LogSlate: FSceneViewport::OnFocusLost() reason 0
[2019.01.14-02.21.02:248][152]LogSlate: FSceneViewport::OnFocusLost() reason 0
[2019.01.14-02.21.28:736][869]LogSlate: Took 0.000265 seconds to synchronously load lazily loaded font '../../../Engine/Content/Slate/Fonts/Roboto-Light.ttf' (167K)
[2019.01.14-02.21.28:848][869]LogFactory: FactoryCreateFile: FileMediaSource with AndroidFileMediaSourceFactory (0 0 ../../../../../../Users/Jonathan/Desktop/Projects/VFX/UnrealVFX/vfxUnreal/Content/ref/video/wow_moonfire.mp4)
[2019.01.14-02.21.35:796][656]LogAssetEditorManager: Opening Asset editor for FileMediaSource /Game/ref/video/wow_moonfire.wow_moonfire
[2019.01.14-02.21.39:433][ 74]LogSlate: Window 'wow_moonfire* - Generic Asset Editor' being destroyed
[2019.01.14-02.21.39:436][ 74]LogSlate: Window 'wow_moonfire* - Generic Asset Editor' being destroyed
[2019.01.14-02.22.22:718][966]LogSlate: Window 'Save Level As' being destroyed
[2019.01.14-02.22.22:837][966]Cmd: OBJ SAVEPACKAGE PACKAGE="/Game/vfx_stylized" FILE="../../../../../../Users/Jonathan/Desktop/Projects/VFX/UnrealVFX/vfxUnreal/Content/vfx_stylized.umap" SILENT=true AUTOSAVING=false KEEPDIRTY=false
[2019.01.14-02.22.23:359][966]LogSavePackage: Moving '../../../../../../Users/Jonathan/Desktop/Projects/VFX/UnrealVFX/vfxUnreal/Saved/vfx_stylized87AD3C8D48CDBE8AA4C9949FD9B24F2C.tmp' to '../../../../../../Users/Jonathan/Desktop/Projects/VFX/UnrealVFX/vfxUnreal/Content/vfx_stylized.umap'
[2019.01.14-02.22.23:445][966]LogFileHelpers: Saving map 'vfx_stylized' took 0.715
[2019.01.14-02.22.23:482][966]Cmd: OBJ SAVEPACKAGE PACKAGE="/Game/ref/video/wow_moonfire" FILE="../../../../../../Users/Jonathan/Desktop/Projects/VFX/UnrealVFX/vfxUnreal/Content/ref/video/wow_moonfire.uasset" SILENT=true
[2019.01.14-02.22.23:519][966]LogSavePackage: Moving '../../../../../../Users/Jonathan/Desktop/Projects/VFX/UnrealVFX/vfxUnreal/Saved/wow_moonfire010AE4CE4EF047AEC96639BAFF96FFF2.tmp' to '../../../../../../Users/Jonathan/Desktop/Projects/VFX/UnrealVFX/vfxUnreal/Content/ref/video/wow_moonfire.uasset'
[2019.01.14-02.22.31:909][967]LogEditorViewport: Clicking on Actor (LMB): BP_Sky_Sphere_C (Sky Sphere)
[2019.01.14-02.22.33:906][197]LogSlate: FSceneViewport::OnFocusLost() reason 0
[2019.01.14-02.22.34:908][313]LogEditorViewport: Clicking on Actor (LMB): StaticMeshActor (Floor)
