Log file open, 01/31/19 18:14:56
LogWindows: Failed to load 'aqProf.dll' (GetLastError=126)
LogWindows: File 'aqProf.dll' does not exist
LogWindows: Failed to load 'VtuneApi.dll' (GetLastError=126)
LogWindows: File 'VtuneApi.dll' does not exist
LogWindows: Failed to load 'VtuneApi32e.dll' (GetLastError=126)
LogWindows: File 'VtuneApi32e.dll' does not exist
LogConsoleResponse: Display: Failed to find resolution value strings in scalability ini. Falling back to default.
LogInit: Display: Running engine for game: vfxUnreal
LogPakFile: Registered encryption key '00000000000000000000000000000000': 0 pak files mounted, 0 remain pending
LogPlatformFile: Not using cached read wrapper
LogTaskGraph: Started task graph with 5 named threads and 23 total threads with 3 sets of task threads.
LogStats: Stats thread started at 0.315365
LogD3D11RHI: Loaded GFSDK_Aftermath_Lib.x64.dll
LogICUInternationalization: ICU TimeZone Detection - Raw Offset: -7:00, Platform Override: ''
LogPluginManager: Mounting plugin Paper2D
LogPluginManager: Mounting plugin AISupport
LogPluginManager: Mounting plugin LightPropagationVolume
LogPluginManager: Mounting plugin ActorLayerUtilities
LogPluginManager: Mounting plugin CLionSourceCodeAccess
LogPluginManager: Mounting plugin CodeLiteSourceCodeAccess
LogPluginManager: Mounting plugin GitSourceControl
LogPluginManager: Mounting plugin KDevelopSourceCodeAccess
LogPluginManager: Mounting plugin NullSourceCodeAccess
LogPluginManager: Mounting plugin PerforceSourceControl
LogPluginManager: Mounting plugin SubversionSourceControl
LogPluginManager: Mounting plugin UObjectPlugin
LogPluginManager: Mounting plugin VisualStudioCodeSourceCodeAccess
LogPluginManager: Mounting plugin VisualStudioSourceCodeAccess
LogPluginManager: Mounting plugin XCodeSourceCodeAccess
LogPluginManager: Mounting plugin AssetManagerEditor
LogPluginManager: Mounting plugin CryptoKeys
LogPluginManager: Mounting plugin DataValidation
LogPluginManager: Mounting plugin FacialAnimation
LogPluginManager: Mounting plugin GameplayTagsEditor
LogPluginManager: Mounting plugin MacGraphicsSwitching
LogPluginManager: Mounting plugin MeshEditor
LogPluginManager: Mounting plugin MobileLauncherProfileWizard
LogPluginManager: Mounting plugin PluginBrowser
LogPluginManager: Mounting plugin SpeedTreeImporter
LogPluginManager: Mounting plugin DatasmithContent
LogPluginManager: Mounting plugin VariantManagerContent
LogPluginManager: Mounting plugin AlembicImporter
LogPluginManager: Mounting plugin AppleImageUtils
LogPluginManager: Mounting plugin AppleVision
LogPluginManager: Mounting plugin BackChannel
LogPluginManager: Mounting plugin CharacterAI
LogPluginManager: Mounting plugin GeometryCache
LogPluginManager: Mounting plugin HTML5Networking
LogPluginManager: Mounting plugin ProxyLODPlugin
LogPluginManager: Mounting plugin MagicLeap
LogPluginManager: Mounting plugin MagicLeapMedia
LogPluginManager: Mounting plugin AndroidMedia
LogPluginManager: Mounting plugin AvfMedia
LogPluginManager: Mounting plugin ImgMedia
LogPluginManager: Mounting plugin LinearTimecode
LogPluginManager: Mounting plugin MediaCompositing
LogPluginManager: Mounting plugin MediaPlayerEditor
LogPluginManager: Mounting plugin WebMMedia
LogPluginManager: Mounting plugin WmfMedia
LogPluginManager: Mounting plugin TcpMessaging
LogPluginManager: Mounting plugin UdpMessaging
LogPluginManager: Mounting plugin ActorSequence
LogPluginManager: Mounting plugin LevelSequenceEditor
LogPluginManager: Mounting plugin MatineeToLevelSequence
LogPluginManager: Mounting plugin NetcodeUnitTest
LogPluginManager: Mounting plugin NUTUnrealEngine4
LogPluginManager: Mounting plugin OnlineSubsystemGooglePlay
LogPluginManager: Mounting plugin OnlineSubsystemIOS
LogPluginManager: Mounting plugin OnlineSubsystem
LogPluginManager: Mounting plugin OnlineSubsystemNull
LogPluginManager: Mounting plugin OnlineSubsystemUtils
LogPluginManager: Mounting plugin LauncherChunkInstaller
LogPluginManager: Mounting plugin AndroidDeviceProfileSelector
LogPluginManager: Mounting plugin AndroidMoviePlayer
LogPluginManager: Mounting plugin AndroidPermission
LogPluginManager: Mounting plugin AppleMoviePlayer
LogPluginManager: Mounting plugin ArchVisCharacter
LogPluginManager: Mounting plugin AudioCapture
LogPluginManager: Mounting plugin CableComponent
LogPluginManager: Mounting plugin CustomMeshComponent
LogPluginManager: Mounting plugin EditableMesh
LogPluginManager: Mounting plugin ExampleDeviceProfileSelector
LogPluginManager: Mounting plugin Firebase
LogPluginManager: Mounting plugin GoogleCloudMessaging
LogPluginManager: Mounting plugin IOSDeviceProfileSelector
LogPluginManager: Mounting plugin LinuxDeviceProfileSelector
LogPluginManager: Mounting plugin LocationServicesBPLibrary
LogPluginManager: Mounting plugin MobilePatchingUtils
LogPluginManager: Mounting plugin OculusVR
LogPluginManager: Mounting plugin PhysXVehicles
LogPluginManager: Mounting plugin ProceduralMeshComponent
LogPluginManager: Mounting plugin RuntimePhysXCooking
LogPluginManager: Mounting plugin SteamVR
LogPluginManager: Mounting plugin WebMMoviePlayer
LogPluginManager: Mounting plugin WindowsMoviePlayer
LogStreaming: Display: Took  0.115s to configure plugins.
LogInit: Using libcurl 7.55.1-DEV
LogInit:  - built for x86_64-pc-win32
LogInit:  - supports SSL with OpenSSL/1.0.2h
LogInit:  - supports HTTP deflate (compression) using libz 1.2.8
LogInit:  - other features:
LogInit:      CURL_VERSION_SSL
LogInit:      CURL_VERSION_LIBZ
LogInit:      CURL_VERSION_IPV6
LogInit:      CURL_VERSION_ASYNCHDNS
LogInit:      CURL_VERSION_LARGEFILE
LogInit:      CURL_VERSION_IDN
LogInit:  CurlRequestOptions (configurable via config and command line):
LogInit:  - bVerifyPeer = true  - Libcurl will verify peer certificate
LogInit:  - bUseHttpProxy = false  - Libcurl will NOT use HTTP proxy
LogInit:  - bDontReuseConnections = false  - Libcurl will reuse connections
LogInit:  - MaxHostConnections = 16  - Libcurl will limit the number of connections to a host
LogInit:  - LocalHostAddr = Default
LogInit:  - BufferSize = 65536
LogInit: WinSock: version 1.1 (2.2), MaxSocks=32767, MaxUdp=65467
LogInit: Build: ++UE4+Release-4.21-CL-4753647
LogInit: Engine Version: 4.21.2-4753647+++UE4+Release-4.21
LogInit: Compatible Engine Version: 4.21.0-4541578+++UE4+Release-4.21
LogInit: Net CL: 4541578
LogInit: OS: Windows 10 (), CPU: Intel(R) Core(TM) i7-4770 CPU @ 3.40GHz, GPU: NVIDIA GeForce GTX 1070
LogInit: Compiled (64-bit): Jan 19 2019 02:07:31
LogInit: Compiled with Visual C++: 19.13.26129.00
LogInit: Build Configuration: Development
LogInit: Branch Name: ++UE4+Release-4.21
LogInit: Command Line: 
LogInit: Base Directory: C:/Program Files/Epic Games/UE_4.21/Engine/Binaries/Win64/
LogInit: Installed Engine Build: 1
LogDevObjectVersion: Number of dev versions registered: 22
LogDevObjectVersion:   Dev-Blueprints (B0D832E4-1F89-4F0D-ACCF-7EB736FD4AA2): 10
LogDevObjectVersion:   Dev-Build (E1C64328-A22C-4D53-A36C-8E866417BD8C): 0
LogDevObjectVersion:   Dev-Core (375EC13C-06E4-48FB-B500-84F0262A717E): 2
LogDevObjectVersion:   Dev-Editor (E4B068ED-F494-42E9-A231-DA0B2E46BB41): 26
LogDevObjectVersion:   Dev-Framework (CFFC743F-43B0-4480-9391-14DF171D2073): 34
LogDevObjectVersion:   Dev-Mobile (B02B49B5-BB20-44E9-A304-32B752E40360): 2
LogDevObjectVersion:   Dev-Networking (A4E4105C-59A1-49B5-A7C5-40C4547EDFEE): 0
LogDevObjectVersion:   Dev-Online (39C831C9-5AE6-47DC-9A44-9C173E1C8E7C): 0
LogDevObjectVersion:   Dev-Physics (78F01B33-EBEA-4F98-B9B4-84EACCB95AA2): 0
LogDevObjectVersion:   Dev-Platform (6631380F-2D4D-43E0-8009-CF276956A95A): 0
LogDevObjectVersion:   Dev-Rendering (12F88B9F-8875-4AFC-A67C-D90C383ABD29): 27
LogDevObjectVersion:   Dev-Sequencer (7B5AE74C-D270-4C10-A958-57980B212A5A): 9
LogDevObjectVersion:   Dev-VR (D7296918-1DD6-4BDD-9DE2-64A83CC13884): 2
LogDevObjectVersion:   Dev-LoadTimes (C2A15278-BFE7-4AFE-6C17-90FF531DF755): 1
LogDevObjectVersion:   Private-Geometry (6EACA3D4-40EC-4CC1-B786-8BED09428FC5): 3
LogDevObjectVersion:   Dev-AnimPhys (29E575DD-E0A3-4627-9D10-D276232CDCEA): 17
LogDevObjectVersion:   Dev-Anim (AF43A65D-7FD3-4947-9873-3E8ED9C1BB05): 2
LogDevObjectVersion:   Dev-ReflectionCapture (6B266CEC-1EC7-4B8F-A30B-E4D90942FC07): 1
LogDevObjectVersion:   Dev-Automation (0DF73D61-A23F-47EA-B727-89E90C41499A): 1
LogDevObjectVersion:   FortniteMain (601D1886-AC64-4F84-AA16-D3DE0DEAC7D6): 17
LogDevObjectVersion:   Dev-Enterprise (9DFFBCD6-494F-0158-E221-12823C92A888): 4
LogDevObjectVersion:   Dev-Niagara (F2AED0AC-9AFE-416F-8664-AA7FFA26D6FC): 1
LogStreaming: Display: Took  0.004s to delete old logs.
LogInit: Presizing for max 8388607 objects, including 0 objects not considered by GC, pre-allocating 0 bytes for permanent pool.
LogInit: Object subsystem initialized
LogConfig: Setting CVar [[con.DebugEarlyDefault:1]]
LogConfig: Setting CVar [[r.setres:1280x720]]
[2019.02.01-01.14.57:062][  0]LogConfig: Setting CVar [[r.VSync:0]]
[2019.02.01-01.14.57:062][  0]LogConfig: Setting CVar [[r.RHICmdBypass:0]]
[2019.02.01-01.14.57:062][  0]LogConfig: Applying CVar settings from Section [/Script/Engine.RendererSettings] File [C:/Users/u0868833/Desktop/Project Folder/Unreal/UnrealVFX/vfxUnreal/Saved/Config/Windows/Engine.ini]
[2019.02.01-01.14.57:062][  0]LogConfig: Setting CVar [[r.GPUCrashDebugging:0]]
[2019.02.01-01.14.57:062][  0]LogConfig: Setting CVar [[r.DefaultFeature.Bloom:0]]
[2019.02.01-01.14.57:062][  0]LogConfig: Setting CVar [[r.DefaultFeature.AutoExposure:0]]
[2019.02.01-01.14.57:062][  0]LogConfig: Setting CVar [[r.DefaultFeature.MotionBlur:0]]
[2019.02.01-01.14.57:062][  0]LogConfig: Applying CVar settings from Section [/Script/Engine.RendererOverrideSettings] File [C:/Users/u0868833/Desktop/Project Folder/Unreal/UnrealVFX/vfxUnreal/Saved/Config/Windows/Engine.ini]
[2019.02.01-01.14.57:062][  0]LogConfig: Applying CVar settings from Section [/Script/Engine.StreamingSettings] File [C:/Users/u0868833/Desktop/Project Folder/Unreal/UnrealVFX/vfxUnreal/Saved/Config/Windows/Engine.ini]
[2019.02.01-01.14.57:062][  0]LogConfig: Setting CVar [[s.MinBulkDataSizeForAsyncLoading:131072]]
[2019.02.01-01.14.57:062][  0]LogConfig: Setting CVar [[s.AsyncLoadingThreadEnabled:0]]
[2019.02.01-01.14.57:062][  0]LogConfig: Setting CVar [[s.EventDrivenLoaderEnabled:1]]
[2019.02.01-01.14.57:062][  0]LogConfig: Setting CVar [[s.WarnIfTimeLimitExceeded:0]]
[2019.02.01-01.14.57:062][  0]LogConfig: Setting CVar [[s.TimeLimitExceededMultiplier:1.5]]
[2019.02.01-01.14.57:062][  0]LogConfig: Setting CVar [[s.TimeLimitExceededMinTime:0.005]]
[2019.02.01-01.14.57:062][  0]LogConfig: Setting CVar [[s.UseBackgroundLevelStreaming:1]]
[2019.02.01-01.14.57:062][  0]LogConfig: Setting CVar [[s.PriorityAsyncLoadingExtraTime:15.0]]
[2019.02.01-01.14.57:062][  0]LogConfig: Setting CVar [[s.LevelStreamingActorsUpdateTimeLimit:5.0]]
[2019.02.01-01.14.57:062][  0]LogConfig: Setting CVar [[s.PriorityLevelStreamingActorsUpdateExtraTime:5.0]]
[2019.02.01-01.14.57:062][  0]LogConfig: Setting CVar [[s.LevelStreamingComponentsRegistrationGranularity:10]]
[2019.02.01-01.14.57:062][  0]LogConfig: Setting CVar [[s.UnregisterComponentsTimeLimit:1.0]]
[2019.02.01-01.14.57:062][  0]LogConfig: Setting CVar [[s.LevelStreamingComponentsUnregistrationGranularity:5]]
[2019.02.01-01.14.57:062][  0]LogConfig: Applying CVar settings from Section [/Script/Engine.GarbageCollectionSettings] File [C:/Users/u0868833/Desktop/Project Folder/Unreal/UnrealVFX/vfxUnreal/Saved/Config/Windows/Engine.ini]
[2019.02.01-01.14.57:063][  0]LogConfig: Setting CVar [[gc.MaxObjectsNotConsideredByGC:1]]
[2019.02.01-01.14.57:063][  0]LogConfig: Setting CVar [[gc.SizeOfPermanentObjectPool:0]]
[2019.02.01-01.14.57:063][  0]LogConfig: Setting CVar [[gc.FlushStreamingOnGC:0]]
[2019.02.01-01.14.57:063][  0]LogConfig: Setting CVar [[gc.NumRetriesBeforeForcingGC:10]]
[2019.02.01-01.14.57:063][  0]LogConfig: Setting CVar [[gc.AllowParallelGC:1]]
[2019.02.01-01.14.57:063][  0]LogConfig: Setting CVar [[gc.TimeBetweenPurgingPendingKillObjects:61.1]]
[2019.02.01-01.14.57:063][  0]LogConfig: Setting CVar [[gc.MaxObjectsInEditor:8388607]]
[2019.02.01-01.14.57:063][  0]LogConfig: Setting CVar [[gc.IncrementalBeginDestroyEnabled:1]]
[2019.02.01-01.14.57:063][  0]LogConfig: Setting CVar [[gc.CreateGCClusters:1]]
[2019.02.01-01.14.57:063][  0]LogConfig: Setting CVar [[gc.MergeGCClusters:0]]
[2019.02.01-01.14.57:063][  0]LogConfig: Setting CVar [[gc.MinGCClusterSize:5]]
[2019.02.01-01.14.57:063][  0]LogConfig: Setting CVar [[gc.ActorClusteringEnabled:0]]
[2019.02.01-01.14.57:063][  0]LogConfig: Setting CVar [[gc.BlueprintClusteringEnabled:0]]
[2019.02.01-01.14.57:063][  0]LogConfig: Setting CVar [[gc.UseDisregardForGCOnDedicatedServers:0]]
[2019.02.01-01.14.57:063][  0]LogConfig: Applying CVar settings from Section [/Script/Engine.NetworkSettings] File [C:/Users/u0868833/Desktop/Project Folder/Unreal/UnrealVFX/vfxUnreal/Saved/Config/Windows/Engine.ini]
[2019.02.01-01.14.57:063][  0]LogConfig: Applying CVar settings from Section [/Script/UnrealEd.CookerSettings] File [C:/Users/u0868833/Desktop/Project Folder/Unreal/UnrealVFX/vfxUnreal/Saved/Config/Windows/Engine.ini]
[2019.02.01-01.14.57:078][  0]LogConfig: Applying CVar settings from Section [ViewDistanceQuality@3] File [C:/Users/u0868833/Desktop/Project Folder/Unreal/UnrealVFX/vfxUnreal/Saved/Config/Windows/Scalability.ini]
[2019.02.01-01.14.57:078][  0]LogConfig: Setting CVar [[r.SkeletalMeshLODBias:0]]
[2019.02.01-01.14.57:078][  0]LogConfig: Setting CVar [[r.ViewDistanceScale:1.0]]
[2019.02.01-01.14.57:078][  0]LogConfig: Applying CVar settings from Section [AntiAliasingQuality@3] File [C:/Users/u0868833/Desktop/Project Folder/Unreal/UnrealVFX/vfxUnreal/Saved/Config/Windows/Scalability.ini]
[2019.02.01-01.14.57:078][  0]LogConfig: Setting CVar [[r.PostProcessAAQuality:4]]
[2019.02.01-01.14.57:078][  0]LogConfig: Applying CVar settings from Section [ShadowQuality@3] File [C:/Users/u0868833/Desktop/Project Folder/Unreal/UnrealVFX/vfxUnreal/Saved/Config/Windows/Scalability.ini]
[2019.02.01-01.14.57:078][  0]LogConfig: Setting CVar [[r.LightFunctionQuality:1]]
[2019.02.01-01.14.57:078][  0]LogConfig: Setting CVar [[r.ShadowQuality:5]]
[2019.02.01-01.14.57:078][  0]LogConfig: Setting CVar [[r.Shadow.CSM.MaxCascades:10]]
[2019.02.01-01.14.57:078][  0]LogConfig: Setting CVar [[r.Shadow.MaxResolution:2048]]
[2019.02.01-01.14.57:078][  0]LogConfig: Setting CVar [[r.Shadow.MaxCSMResolution:2048]]
[2019.02.01-01.14.57:078][  0]LogConfig: Setting CVar [[r.Shadow.RadiusThreshold:0.01]]
[2019.02.01-01.14.57:078][  0]LogConfig: Setting CVar [[r.Shadow.DistanceScale:1.0]]
[2019.02.01-01.14.57:078][  0]LogConfig: Setting CVar [[r.Shadow.CSM.TransitionScale:1.0]]
[2019.02.01-01.14.57:078][  0]LogConfig: Setting CVar [[r.Shadow.PreShadowResolutionFactor:1.0]]
[2019.02.01-01.14.57:078][  0]LogConfig: Setting CVar [[r.DistanceFieldShadowing:1]]
[2019.02.01-01.14.57:078][  0]LogConfig: Setting CVar [[r.DistanceFieldAO:1]]
[2019.02.01-01.14.57:078][  0]LogConfig: Setting CVar [[r.AOQuality:2]]
[2019.02.01-01.14.57:078][  0]LogConfig: Setting CVar [[r.VolumetricFog:1]]
[2019.02.01-01.14.57:078][  0]LogConfig: Setting CVar [[r.VolumetricFog.GridPixelSize:8]]
[2019.02.01-01.14.57:078][  0]LogConfig: Setting CVar [[r.VolumetricFog.GridSizeZ:128]]
[2019.02.01-01.14.57:078][  0]LogConfig: Setting CVar [[r.VolumetricFog.HistoryMissSupersampleCount:4]]
[2019.02.01-01.14.57:078][  0]LogConfig: Setting CVar [[r.LightMaxDrawDistanceScale:1]]
[2019.02.01-01.14.57:078][  0]LogConfig: Setting CVar [[r.CapsuleShadows:1]]
[2019.02.01-01.14.57:078][  0]LogConfig: Applying CVar settings from Section [PostProcessQuality@3] File [C:/Users/u0868833/Desktop/Project Folder/Unreal/UnrealVFX/vfxUnreal/Saved/Config/Windows/Scalability.ini]
[2019.02.01-01.14.57:078][  0]LogConfig: Setting CVar [[r.MotionBlurQuality:4]]
[2019.02.01-01.14.57:078][  0]LogConfig: Setting CVar [[r.AmbientOcclusionMipLevelFactor:0.4]]
[2019.02.01-01.14.57:078][  0]LogConfig: Setting CVar [[r.AmbientOcclusionMaxQuality:100]]
[2019.02.01-01.14.57:078][  0]LogConfig: Setting CVar [[r.AmbientOcclusionLevels:-1]]
[2019.02.01-01.14.57:078][  0]LogConfig: Setting CVar [[r.AmbientOcclusionRadiusScale:1.0]]
[2019.02.01-01.14.57:078][  0]LogConfig: Setting CVar [[r.DepthOfFieldQuality:2]]
[2019.02.01-01.14.57:078][  0]LogConfig: Setting CVar [[r.RenderTargetPoolMin:400]]
[2019.02.01-01.14.57:078][  0]LogConfig: Setting CVar [[r.LensFlareQuality:2]]
[2019.02.01-01.14.57:078][  0]LogConfig: Setting CVar [[r.SceneColorFringeQuality:1]]
[2019.02.01-01.14.57:078][  0]LogConfig: Setting CVar [[r.EyeAdaptationQuality:2]]
[2019.02.01-01.14.57:078][  0]LogConfig: Setting CVar [[r.BloomQuality:5]]
[2019.02.01-01.14.57:078][  0]LogConfig: Setting CVar [[r.FastBlurThreshold:100]]
[2019.02.01-01.14.57:078][  0]LogConfig: Setting CVar [[r.Upscale.Quality:3]]
[2019.02.01-01.14.57:078][  0]LogConfig: Setting CVar [[r.Tonemapper.GrainQuantization:1]]
[2019.02.01-01.14.57:078][  0]LogConfig: Setting CVar [[r.LightShaftQuality:1]]
[2019.02.01-01.14.57:078][  0]LogConfig: Setting CVar [[r.Filter.SizeScale:1]]
[2019.02.01-01.14.57:078][  0]LogConfig: Setting CVar [[r.Tonemapper.Quality:5]]
[2019.02.01-01.14.57:078][  0]LogConfig: Setting CVar [[r.DOF.Gather.AccumulatorQuality:1        ; higher gathering accumulator quality]]
[2019.02.01-01.14.57:078][  0]LogConfig: Setting CVar [[r.DOF.Gather.PostfilterMethod:1          ; Median3x3 postfilering method]]
[2019.02.01-01.14.57:078][  0]LogConfig: Setting CVar [[r.DOF.Gather.EnableBokehSettings:0       ; no bokeh simulation when gathering]]
[2019.02.01-01.14.57:078][  0]LogConfig: Setting CVar [[r.DOF.Gather.RingCount:4                 ; medium number of samples when gathering]]
[2019.02.01-01.14.57:078][  0]LogConfig: Setting CVar [[r.DOF.Scatter.ForegroundCompositing:1    ; additive foreground scattering]]
[2019.02.01-01.14.57:078][  0]LogConfig: Setting CVar [[r.DOF.Scatter.BackgroundCompositing:2    ; additive background scattering]]
[2019.02.01-01.14.57:078][  0]LogConfig: Setting CVar [[r.DOF.Scatter.EnableBokehSettings:1      ; bokeh simulation when scattering]]
[2019.02.01-01.14.57:078][  0]LogConfig: Setting CVar [[r.DOF.Scatter.MaxSpriteRatio:0.1         ; only a maximum of 10% of scattered bokeh]]
[2019.02.01-01.14.57:078][  0]LogConfig: Setting CVar [[r.DOF.Recombine.Quality:1                ; cheap slight out of focus]]
[2019.02.01-01.14.57:078][  0]LogConfig: Setting CVar [[r.DOF.Recombine.EnableBokehSettings:0    ; no bokeh simulation on slight out of focus]]
[2019.02.01-01.14.57:078][  0]LogConfig: Setting CVar [[r.DOF.TemporalAAQuality:1                ; more stable temporal accumulation]]
[2019.02.01-01.14.57:078][  0]LogConfig: Setting CVar [[r.DOF.Kernel.MaxForegroundRadius:0.025]]
[2019.02.01-01.14.57:078][  0]LogConfig: Setting CVar [[r.DOF.Kernel.MaxBackgroundRadius:0.025]]
[2019.02.01-01.14.57:078][  0]LogConfig: Applying CVar settings from Section [TextureQuality@3] File [C:/Users/u0868833/Desktop/Project Folder/Unreal/UnrealVFX/vfxUnreal/Saved/Config/Windows/Scalability.ini]
[2019.02.01-01.14.57:078][  0]LogConfig: Setting CVar [[r.Streaming.MipBias:0]]
[2019.02.01-01.14.57:078][  0]LogConfig: Setting CVar [[r.Streaming.AmortizeCPUToGPUCopy:0]]
[2019.02.01-01.14.57:078][  0]LogConfig: Setting CVar [[r.Streaming.MaxNumTexturesToStreamPerFrame:0]]
[2019.02.01-01.14.57:078][  0]LogConfig: Setting CVar [[r.Streaming.Boost:1]]
[2019.02.01-01.14.57:078][  0]LogConfig: Setting CVar [[r.MaxAnisotropy:8]]
[2019.02.01-01.14.57:078][  0]LogConfig: Setting CVar [[r.Streaming.LimitPoolSizeToVRAM:0]]
[2019.02.01-01.14.57:078][  0]LogConfig: Setting CVar [[r.Streaming.PoolSize:1000]]
[2019.02.01-01.14.57:078][  0]LogConfig: Setting CVar [[r.Streaming.MaxEffectiveScreenSize:0]]
[2019.02.01-01.14.57:078][  0]LogConfig: Applying CVar settings from Section [EffectsQuality@3] File [C:/Users/u0868833/Desktop/Project Folder/Unreal/UnrealVFX/vfxUnreal/Saved/Config/Windows/Scalability.ini]
[2019.02.01-01.14.57:078][  0]LogConfig: Setting CVar [[r.TranslucencyLightingVolumeDim:64]]
[2019.02.01-01.14.57:078][  0]LogConfig: Setting CVar [[r.RefractionQuality:2]]
[2019.02.01-01.14.57:078][  0]LogConfig: Setting CVar [[r.SSR.Quality:3]]
[2019.02.01-01.14.57:078][  0]LogConfig: Setting CVar [[r.SceneColorFormat:4]]
[2019.02.01-01.14.57:078][  0]LogConfig: Setting CVar [[r.DetailMode:2]]
[2019.02.01-01.14.57:078][  0]LogConfig: Setting CVar [[r.TranslucencyVolumeBlur:1]]
[2019.02.01-01.14.57:078][  0]LogConfig: Setting CVar [[r.MaterialQualityLevel:1 ; High quality]]
[2019.02.01-01.14.57:078][  0]LogConfig: Setting CVar [[r.SSS.Scale:1]]
[2019.02.01-01.14.57:078][  0]LogConfig: Setting CVar [[r.SSS.SampleSet:2]]
[2019.02.01-01.14.57:079][  0]LogConfig: Setting CVar [[r.SSS.Quality:1]]
[2019.02.01-01.14.57:079][  0]LogConfig: Setting CVar [[r.SSS.HalfRes:1]]
[2019.02.01-01.14.57:079][  0]LogConfig: Setting CVar [[r.EmitterSpawnRateScale:1.0]]
[2019.02.01-01.14.57:079][  0]LogConfig: Setting CVar [[r.ParticleLightQuality:2]]
[2019.02.01-01.14.57:079][  0]LogConfig: Applying CVar settings from Section [FoliageQuality@3] File [C:/Users/u0868833/Desktop/Project Folder/Unreal/UnrealVFX/vfxUnreal/Saved/Config/Windows/Scalability.ini]
[2019.02.01-01.14.57:079][  0]LogConfig: Setting CVar [[foliage.DensityScale:1.0]]
[2019.02.01-01.14.57:079][  0]LogConfig: Setting CVar [[grass.DensityScale:1.0]]
[2019.02.01-01.14.57:079][  0]LogInit: Selected Device Profile: [Windows]
[2019.02.01-01.14.57:079][  0]LogInit: Applying CVar settings loaded from the selected device profile: [Windows]
[2019.02.01-01.14.57:092][  0]LogHAL: Display: Platform has ~ 32 GB [34294427648 / 34359738368 / 32], which maps to Largest [LargestMinGB=32, LargerMinGB=12, DefaultMinGB=8, SmallerMinGB=6, SmallestMinGB=0)
[2019.02.01-01.14.57:092][  0]LogConfig: Setting CVar [[r.Vulkan.UseRealUBs:1]]
[2019.02.01-01.14.57:092][  0]LogInit: Going up to parent DeviceProfile []
[2019.02.01-01.14.57:092][  0]LogConfig: Applying CVar settings from Section [ViewDistanceQuality@3] File [C:/Users/u0868833/Desktop/Project Folder/Unreal/UnrealVFX/vfxUnreal/Saved/Config/Windows/Scalability.ini]
[2019.02.01-01.14.57:092][  0]LogConfig: Setting CVar [[r.SkeletalMeshLODBias:0]]
[2019.02.01-01.14.57:092][  0]LogConfig: Setting CVar [[r.ViewDistanceScale:1.0]]
[2019.02.01-01.14.57:092][  0]LogConfig: Applying CVar settings from Section [AntiAliasingQuality@3] File [C:/Users/u0868833/Desktop/Project Folder/Unreal/UnrealVFX/vfxUnreal/Saved/Config/Windows/Scalability.ini]
[2019.02.01-01.14.57:092][  0]LogConfig: Setting CVar [[r.PostProcessAAQuality:4]]
[2019.02.01-01.14.57:092][  0]LogConfig: Applying CVar settings from Section [ShadowQuality@3] File [C:/Users/u0868833/Desktop/Project Folder/Unreal/UnrealVFX/vfxUnreal/Saved/Config/Windows/Scalability.ini]
[2019.02.01-01.14.57:092][  0]LogConfig: Setting CVar [[r.LightFunctionQuality:1]]
[2019.02.01-01.14.57:092][  0]LogConfig: Setting CVar [[r.ShadowQuality:5]]
[2019.02.01-01.14.57:092][  0]LogConfig: Setting CVar [[r.Shadow.CSM.MaxCascades:10]]
[2019.02.01-01.14.57:092][  0]LogConfig: Setting CVar [[r.Shadow.MaxResolution:2048]]
[2019.02.01-01.14.57:092][  0]LogConfig: Setting CVar [[r.Shadow.MaxCSMResolution:2048]]
[2019.02.01-01.14.57:093][  0]LogConfig: Setting CVar [[r.Shadow.RadiusThreshold:0.01]]
[2019.02.01-01.14.57:093][  0]LogConfig: Setting CVar [[r.Shadow.DistanceScale:1.0]]
[2019.02.01-01.14.57:093][  0]LogConfig: Setting CVar [[r.Shadow.CSM.TransitionScale:1.0]]
[2019.02.01-01.14.57:093][  0]LogConfig: Setting CVar [[r.Shadow.PreShadowResolutionFactor:1.0]]
[2019.02.01-01.14.57:093][  0]LogConfig: Setting CVar [[r.DistanceFieldShadowing:1]]
[2019.02.01-01.14.57:093][  0]LogConfig: Setting CVar [[r.DistanceFieldAO:1]]
[2019.02.01-01.14.57:093][  0]LogConfig: Setting CVar [[r.AOQuality:2]]
[2019.02.01-01.14.57:093][  0]LogConfig: Setting CVar [[r.VolumetricFog:1]]
[2019.02.01-01.14.57:093][  0]LogConfig: Setting CVar [[r.VolumetricFog.GridPixelSize:8]]
[2019.02.01-01.14.57:093][  0]LogConfig: Setting CVar [[r.VolumetricFog.GridSizeZ:128]]
[2019.02.01-01.14.57:093][  0]LogConfig: Setting CVar [[r.VolumetricFog.HistoryMissSupersampleCount:4]]
[2019.02.01-01.14.57:093][  0]LogConfig: Setting CVar [[r.LightMaxDrawDistanceScale:1]]
[2019.02.01-01.14.57:093][  0]LogConfig: Setting CVar [[r.CapsuleShadows:1]]
[2019.02.01-01.14.57:093][  0]LogConfig: Applying CVar settings from Section [PostProcessQuality@3] File [C:/Users/u0868833/Desktop/Project Folder/Unreal/UnrealVFX/vfxUnreal/Saved/Config/Windows/Scalability.ini]
[2019.02.01-01.14.57:093][  0]LogConfig: Setting CVar [[r.MotionBlurQuality:4]]
[2019.02.01-01.14.57:093][  0]LogConfig: Setting CVar [[r.AmbientOcclusionMipLevelFactor:0.4]]
[2019.02.01-01.14.57:093][  0]LogConfig: Setting CVar [[r.AmbientOcclusionMaxQuality:100]]
[2019.02.01-01.14.57:093][  0]LogConfig: Setting CVar [[r.AmbientOcclusionLevels:-1]]
[2019.02.01-01.14.57:093][  0]LogConfig: Setting CVar [[r.AmbientOcclusionRadiusScale:1.0]]
[2019.02.01-01.14.57:093][  0]LogConfig: Setting CVar [[r.DepthOfFieldQuality:2]]
[2019.02.01-01.14.57:093][  0]LogConfig: Setting CVar [[r.RenderTargetPoolMin:400]]
[2019.02.01-01.14.57:093][  0]LogConfig: Setting CVar [[r.LensFlareQuality:2]]
[2019.02.01-01.14.57:093][  0]LogConfig: Setting CVar [[r.SceneColorFringeQuality:1]]
[2019.02.01-01.14.57:093][  0]LogConfig: Setting CVar [[r.EyeAdaptationQuality:2]]
[2019.02.01-01.14.57:093][  0]LogConfig: Setting CVar [[r.BloomQuality:5]]
[2019.02.01-01.14.57:093][  0]LogConfig: Setting CVar [[r.FastBlurThreshold:100]]
[2019.02.01-01.14.57:093][  0]LogConfig: Setting CVar [[r.Upscale.Quality:3]]
[2019.02.01-01.14.57:093][  0]LogConfig: Setting CVar [[r.Tonemapper.GrainQuantization:1]]
[2019.02.01-01.14.57:093][  0]LogConfig: Setting CVar [[r.LightShaftQuality:1]]
[2019.02.01-01.14.57:093][  0]LogConfig: Setting CVar [[r.Filter.SizeScale:1]]
[2019.02.01-01.14.57:093][  0]LogConfig: Setting CVar [[r.Tonemapper.Quality:5]]
[2019.02.01-01.14.57:093][  0]LogConfig: Setting CVar [[r.DOF.Gather.AccumulatorQuality:1        ; higher gathering accumulator quality]]
[2019.02.01-01.14.57:093][  0]LogConfig: Setting CVar [[r.DOF.Gather.PostfilterMethod:1          ; Median3x3 postfilering method]]
[2019.02.01-01.14.57:093][  0]LogConfig: Setting CVar [[r.DOF.Gather.EnableBokehSettings:0       ; no bokeh simulation when gathering]]
[2019.02.01-01.14.57:093][  0]LogConfig: Setting CVar [[r.DOF.Gather.RingCount:4                 ; medium number of samples when gathering]]
[2019.02.01-01.14.57:093][  0]LogConfig: Setting CVar [[r.DOF.Scatter.ForegroundCompositing:1    ; additive foreground scattering]]
[2019.02.01-01.14.57:093][  0]LogConfig: Setting CVar [[r.DOF.Scatter.BackgroundCompositing:2    ; additive background scattering]]
[2019.02.01-01.14.57:093][  0]LogConfig: Setting CVar [[r.DOF.Scatter.EnableBokehSettings:1      ; bokeh simulation when scattering]]
[2019.02.01-01.14.57:093][  0]LogConfig: Setting CVar [[r.DOF.Scatter.MaxSpriteRatio:0.1         ; only a maximum of 10% of scattered bokeh]]
[2019.02.01-01.14.57:093][  0]LogConfig: Setting CVar [[r.DOF.Recombine.Quality:1                ; cheap slight out of focus]]
[2019.02.01-01.14.57:093][  0]LogConfig: Setting CVar [[r.DOF.Recombine.EnableBokehSettings:0    ; no bokeh simulation on slight out of focus]]
[2019.02.01-01.14.57:093][  0]LogConfig: Setting CVar [[r.DOF.TemporalAAQuality:1                ; more stable temporal accumulation]]
[2019.02.01-01.14.57:093][  0]LogConfig: Setting CVar [[r.DOF.Kernel.MaxForegroundRadius:0.025]]
[2019.02.01-01.14.57:093][  0]LogConfig: Setting CVar [[r.DOF.Kernel.MaxBackgroundRadius:0.025]]
[2019.02.01-01.14.57:093][  0]LogConfig: Applying CVar settings from Section [TextureQuality@3] File [C:/Users/u0868833/Desktop/Project Folder/Unreal/UnrealVFX/vfxUnreal/Saved/Config/Windows/Scalability.ini]
[2019.02.01-01.14.57:093][  0]LogConfig: Setting CVar [[r.Streaming.MipBias:0]]
[2019.02.01-01.14.57:093][  0]LogConfig: Setting CVar [[r.Streaming.AmortizeCPUToGPUCopy:0]]
[2019.02.01-01.14.57:093][  0]LogConfig: Setting CVar [[r.Streaming.MaxNumTexturesToStreamPerFrame:0]]
[2019.02.01-01.14.57:093][  0]LogConfig: Setting CVar [[r.Streaming.Boost:1]]
[2019.02.01-01.14.57:093][  0]LogConfig: Setting CVar [[r.MaxAnisotropy:8]]
[2019.02.01-01.14.57:093][  0]LogConfig: Setting CVar [[r.Streaming.LimitPoolSizeToVRAM:0]]
[2019.02.01-01.14.57:093][  0]LogConfig: Setting CVar [[r.Streaming.PoolSize:1000]]
[2019.02.01-01.14.57:093][  0]LogConfig: Setting CVar [[r.Streaming.MaxEffectiveScreenSize:0]]
[2019.02.01-01.14.57:093][  0]LogConfig: Applying CVar settings from Section [EffectsQuality@3] File [C:/Users/u0868833/Desktop/Project Folder/Unreal/UnrealVFX/vfxUnreal/Saved/Config/Windows/Scalability.ini]
[2019.02.01-01.14.57:093][  0]LogConfig: Setting CVar [[r.TranslucencyLightingVolumeDim:64]]
[2019.02.01-01.14.57:093][  0]LogConfig: Setting CVar [[r.RefractionQuality:2]]
[2019.02.01-01.14.57:093][  0]LogConfig: Setting CVar [[r.SSR.Quality:3]]
[2019.02.01-01.14.57:093][  0]LogConfig: Setting CVar [[r.SceneColorFormat:4]]
[2019.02.01-01.14.57:093][  0]LogConfig: Setting CVar [[r.DetailMode:2]]
[2019.02.01-01.14.57:093][  0]LogConfig: Setting CVar [[r.TranslucencyVolumeBlur:1]]
[2019.02.01-01.14.57:093][  0]LogConfig: Setting CVar [[r.MaterialQualityLevel:1 ; High quality]]
[2019.02.01-01.14.57:093][  0]LogConfig: Setting CVar [[r.SSS.Scale:1]]
[2019.02.01-01.14.57:093][  0]LogConfig: Setting CVar [[r.SSS.SampleSet:2]]
[2019.02.01-01.14.57:093][  0]LogConfig: Setting CVar [[r.SSS.Quality:1]]
[2019.02.01-01.14.57:093][  0]LogConfig: Setting CVar [[r.SSS.HalfRes:1]]
[2019.02.01-01.14.57:093][  0]LogConfig: Setting CVar [[r.EmitterSpawnRateScale:1.0]]
[2019.02.01-01.14.57:093][  0]LogConfig: Setting CVar [[r.ParticleLightQuality:2]]
[2019.02.01-01.14.57:093][  0]LogConfig: Applying CVar settings from Section [FoliageQuality@3] File [C:/Users/u0868833/Desktop/Project Folder/Unreal/UnrealVFX/vfxUnreal/Saved/Config/Windows/Scalability.ini]
[2019.02.01-01.14.57:093][  0]LogConfig: Setting CVar [[foliage.DensityScale:1.0]]
[2019.02.01-01.14.57:093][  0]LogConfig: Setting CVar [[grass.DensityScale:1.0]]
[2019.02.01-01.14.57:093][  0]LogConfig: Applying CVar settings from Section [Startup] File [../../../Engine/Config/ConsoleVariables.ini]
[2019.02.01-01.14.57:094][  0]LogConfig: Setting CVar [[net.UseAdaptiveNetUpdateFrequency:0]]
[2019.02.01-01.14.57:094][  0]LogConfig: Applying CVar settings from Section [ConsoleVariables] File [C:/Users/u0868833/Desktop/Project Folder/Unreal/UnrealVFX/vfxUnreal/Saved/Config/Windows/Engine.ini]
[2019.02.01-01.14.57:094][  0]LogInit: Computer: eae-d-108
[2019.02.01-01.14.57:094][  0]LogInit: User: u0868833
[2019.02.01-01.14.57:094][  0]LogInit: CPU Page size=4096, Cores=4
[2019.02.01-01.14.57:094][  0]LogInit: High frequency timer resolution =3.320312 MHz
[2019.02.01-01.14.57:094][  0]LogMemory: Memory total: Physical=31.9GB (32GB approx)
[2019.02.01-01.14.57:094][  0]LogMemory: Platform Memory Stats for Windows
[2019.02.01-01.14.57:094][  0]LogMemory: Process Physical Memory: 104.14 MB used, 104.14 MB peak
[2019.02.01-01.14.57:094][  0]LogMemory: Process Virtual Memory: 101.86 MB used, 101.86 MB peak
[2019.02.01-01.14.57:094][  0]LogMemory: Physical Memory: 7634.97 MB used,  25070.75 MB free, 32705.71 MB total
[2019.02.01-01.14.57:094][  0]LogMemory: Virtual Memory: 4658.34 MB used,  134213072.00 MB free, 134217728.00 MB total
[2019.02.01-01.14.57:130][  0]LogInit: Using OS detected language (en-US).
[2019.02.01-01.14.57:130][  0]LogInit: Using OS detected locale (en-US).
[2019.02.01-01.14.57:132][  0]LogTextLocalizationManager: No specific localization for 'en-US' exists, so the 'en' localization will be used.
[2019.02.01-01.14.57:575][  0]LogStreaming: Display: Took  0.445s to InitEngineTextLocalization.
[2019.02.01-01.14.57:576][  0]LogInit: Setting process to per monitor DPI aware
[2019.02.01-01.14.57:636][  0]LogSlate: New Slate User Created.  User Index 0, Is Virtual User: 0
[2019.02.01-01.14.57:636][  0]LogSlate: Slate User Registered.  User Index 0, Is Virtual User: 0
[2019.02.01-01.14.57:920][  0]LogHMD: Failed to initialize OpenVR with code 110
[2019.02.01-01.14.57:920][  0]LogD3D11RHI: D3D11 adapters:
[2019.02.01-01.14.57:988][  0]LogD3D11RHI:    0. 'NVIDIA GeForce GTX 1070' (Feature Level 11_0)
[2019.02.01-01.14.57:988][  0]LogD3D11RHI:       8088/0/16352 MB DedicatedVideo/DedicatedSystem/SharedSystem, Outputs:2, VendorId:0x10de
[2019.02.01-01.14.57:992][  0]LogD3D11RHI:    1. 'Microsoft Basic Render Driver' (Feature Level 11_0)
[2019.02.01-01.14.57:992][  0]LogD3D11RHI:       0/0/16352 MB DedicatedVideo/DedicatedSystem/SharedSystem, Outputs:0, VendorId:0x1414
[2019.02.01-01.14.57:992][  0]LogD3D11RHI: Chosen D3D11 Adapter: 0
[2019.02.01-01.14.58:000][  0]LogD3D11RHI: Creating new Direct3DDevice
[2019.02.01-01.14.58:000][  0]LogD3D11RHI:     GPU DeviceId: 0x1b81 (for the marketing name, search the web for "GPU Device Id")
[2019.02.01-01.14.58:000][  0]LogWindows: EnumDisplayDevices:
[2019.02.01-01.14.58:001][  0]LogWindows:    0. 'NVIDIA GeForce GTX 1070' (P:1 D:1)
[2019.02.01-01.14.58:001][  0]LogWindows:    1. 'NVIDIA GeForce GTX 1070' (P:0 D:0)
[2019.02.01-01.14.58:001][  0]LogWindows:    2. 'NVIDIA GeForce GTX 1070' (P:0 D:1)
[2019.02.01-01.14.58:002][  0]LogWindows:    3. 'NVIDIA GeForce GTX 1070' (P:0 D:0)
[2019.02.01-01.14.58:002][  0]LogWindows: DebugString: FoundDriverCount:4 
[2019.02.01-01.14.58:002][  0]LogD3D11RHI:     Adapter Name: NVIDIA GeForce GTX 1070
[2019.02.01-01.14.58:002][  0]LogD3D11RHI:   Driver Version: 416.34 (internal:25.21.14.1634, unified:416.34)
[2019.02.01-01.14.58:002][  0]LogD3D11RHI:      Driver Date: 10-10-2018
[2019.02.01-01.14.58:002][  0]LogRHI: Texture pool is 5661 MB (70% of 8088 MB)
[2019.02.01-01.14.58:049][  0]LogD3D11RHI: Async texture creation enabled
[2019.02.01-01.14.58:081][  0]LogD3D11RHI: GPU Timing Frequency: 1000.000000 (Debug: 2 2)
[2019.02.01-01.14.58:558][  0]LogTemp: Display: Loaded TP AllDesktopTargetPlatform
[2019.02.01-01.14.58:574][  0]LogTemp: Display: Loaded TP MacClientTargetPlatform
[2019.02.01-01.14.58:591][  0]LogTemp: Display: Loaded TP MacNoEditorTargetPlatform
[2019.02.01-01.14.58:607][  0]LogTemp: Display: Loaded TP MacServerTargetPlatform
[2019.02.01-01.14.58:623][  0]LogTemp: Display: Loaded TP MacTargetPlatform
[2019.02.01-01.14.58:638][  0]LogTemp: Display: Loaded TP WindowsClientTargetPlatform
[2019.02.01-01.14.58:654][  0]LogTemp: Display: Loaded TP WindowsNoEditorTargetPlatform
[2019.02.01-01.14.58:670][  0]LogTemp: Display: Loaded TP WindowsServerTargetPlatform
[2019.02.01-01.14.58:679][  0]LogTemp: Display: Loaded TP WindowsTargetPlatform
[2019.02.01-01.14.58:755][  0]LogTemp: Display: Loaded TP AndroidTargetPlatform
[2019.02.01-01.14.58:755][  0]LogTemp: Display: Loaded TP AndroidTargetPlatform
[2019.02.01-01.14.58:755][  0]LogTemp: Display: Loaded TP AndroidTargetPlatform
[2019.02.01-01.14.58:755][  0]LogTemp: Display: Loaded TP AndroidTargetPlatform
[2019.02.01-01.14.58:755][  0]LogTemp: Display: Loaded TP AndroidTargetPlatform
[2019.02.01-01.14.58:755][  0]LogTemp: Display: Loaded TP AndroidTargetPlatform
[2019.02.01-01.14.58:755][  0]LogTemp: Display: Loaded TP AndroidTargetPlatform
[2019.02.01-01.14.58:755][  0]LogTemp: Display: Loaded TP AndroidTargetPlatform
[2019.02.01-01.14.58:755][  0]LogTemp: Display: Loaded TP AndroidTargetPlatform
[2019.02.01-01.14.58:755][  0]LogTemp: Display: Loaded TP AndroidTargetPlatform
[2019.02.01-01.14.58:755][  0]LogTemp: Display: Loaded TP AndroidTargetPlatform
[2019.02.01-01.14.58:755][  0]LogTemp: Display: Loaded TP AndroidTargetPlatform
[2019.02.01-01.14.58:755][  0]LogTemp: Display: Loaded TP AndroidTargetPlatform
[2019.02.01-01.14.58:755][  0]LogTemp: Display: Loaded TP AndroidTargetPlatform
[2019.02.01-01.14.58:755][  0]LogTemp: Display: Loaded TP AndroidTargetPlatform
[2019.02.01-01.14.58:755][  0]LogTemp: Display: Loaded TP AndroidTargetPlatform
[2019.02.01-01.14.58:755][  0]LogTemp: Display: Loaded TP AndroidTargetPlatform
[2019.02.01-01.14.58:755][  0]LogTemp: Display: Loaded TP AndroidTargetPlatform
[2019.02.01-01.14.58:757][  0]LogTemp: Display: Loaded TP HTML5TargetPlatform
[2019.02.01-01.14.58:821][  0]LogTemp: Display: Loaded TP IOSTargetPlatform
[2019.02.01-01.14.58:821][  0]LogTemp: Display: Loaded TP IOSTargetPlatform
[2019.02.01-01.14.58:845][  0]LogTemp: Display: Loaded TP TVOSTargetPlatform
[2019.02.01-01.14.58:845][  0]LogTemp: Display: Loaded TP TVOSTargetPlatform
[2019.02.01-01.14.58:857][  0]LogTemp: Display: Loaded TP LinuxClientTargetPlatform
[2019.02.01-01.14.58:870][  0]LogTemp: Display: Loaded TP LinuxNoEditorTargetPlatform
[2019.02.01-01.14.58:882][  0]LogTemp: Display: Loaded TP LinuxServerTargetPlatform
[2019.02.01-01.14.58:896][  0]LogTemp: Display: Loaded TP LinuxTargetPlatform
[2019.02.01-01.14.58:943][  0]LogTemp: Display: Loaded TP LuminTargetPlatform
[2019.02.01-01.14.58:943][  0]LogTemp: Display: Loaded TP LuminTargetPlatform
[2019.02.01-01.14.58:943][  0]LogTargetPlatformManager: Display: Building Assets For Windows
[2019.02.01-01.14.59:047][  0]LogShaderCompilers: Guid format shader working directory is -33 characters bigger than the processId version (../../../../../../Users/u0868833/Desktop/Project Folder/Unreal/UnrealVFX/vfxUnreal/Intermediate/Shaders/WorkingDirectory/8364/).
[2019.02.01-01.14.59:047][  0]LogShaderCompilers: Cleaned the shader compiler working directory 'C:/Users/u0868833/AppData/Local/Temp/UnrealShaderWorkingDir/05CC3C3542A7A9E2E2BD82962CC4C618/'.
[2019.02.01-01.14.59:052][  0]LogXGEController: Cleaning working directory: C:/Users/u0868833/AppData/Local/Temp/UnrealXGEWorkingDir/
[2019.02.01-01.14.59:052][  0]LogXGEController: Cannot use XGE Controller as Incredibuild is not installed on this machine.
[2019.02.01-01.14.59:052][  0]LogShaderCompilers: Cannot use XGE Shader Compiler as Incredibuild is not installed on this machine.
[2019.02.01-01.14.59:052][  0]LogShaderCompilers: Display: Using Local Shader Compiler.
[2019.02.01-01.14.59:570][  0]LogDerivedDataCache: Display: Max Cache Size: 512 MB
[2019.02.01-01.14.59:654][  0]LogDerivedDataCache: Loaded boot cache 0.08s 71MB C:/Users/u0868833/AppData/Local/UnrealEngine/4.21/DerivedDataCache/Boot.ddc.
[2019.02.01-01.14.59:654][  0]LogDerivedDataCache: Display: Loaded Boot cache: C:/Users/u0868833/AppData/Local/UnrealEngine/4.21/DerivedDataCache/Boot.ddc
[2019.02.01-01.14.59:654][  0]LogDerivedDataCache: FDerivedDataBackendGraph:  Pak pak cache file ../../../../../../Users/u0868833/Desktop/Project Folder/Unreal/UnrealVFX/vfxUnreal/DerivedDataCache/DDC.ddp not found, will not use a pak cache.
[2019.02.01-01.14.59:654][  0]LogDerivedDataCache: Unable to find inner node Pak for hierarchical cache Hierarchy.
[2019.02.01-01.14.59:654][  0]LogDerivedDataCache: FDerivedDataBackendGraph:  CompressedPak pak cache file ../../../../../../Users/u0868833/Desktop/Project Folder/Unreal/UnrealVFX/vfxUnreal/DerivedDataCache/Compressed.ddp not found, will not use a pak cache.
[2019.02.01-01.14.59:654][  0]LogDerivedDataCache: Unable to find inner node CompressedPak for hierarchical cache Hierarchy.
[2019.02.01-01.14.59:667][  0]LogDerivedDataCache: Display: Pak cache opened for reading ../../../Engine/DerivedDataCache/Compressed.ddp.
[2019.02.01-01.14.59:667][  0]LogDerivedDataCache: FDerivedDataBackendGraph:  EnterprisePak pak cache file ../../../Enterprise/DerivedDataCache/Compressed.ddp not found, will not use a pak cache.
[2019.02.01-01.14.59:667][  0]LogDerivedDataCache: Unable to find inner node EnterprisePak for hierarchical cache Hierarchy.
[2019.02.01-01.14.59:680][  0]LogDerivedDataCache: Using Local data cache path C:/Users/u0868833/AppData/Local/UnrealEngine/Common/DerivedDataCache: Writable
[2019.02.01-01.14.59:680][  0]LogDerivedDataCache: Shared data cache path not found in *engine.ini, will not use an Shared cache.
[2019.02.01-01.14.59:680][  0]LogDerivedDataCache: Unable to find inner node Shared for hierarchical cache Hierarchy.
[2019.02.01-01.14.59:703][  0]LogMaterial: Verifying Global Shaders for PCD3D_SM5
[2019.02.01-01.14.59:704][  0]LogSlate: Using FreeType 2.6.0
[2019.02.01-01.14.59:705][  0]LogSlate: SlateFontServices - WITH_FREETYPE: 1, WITH_HARFBUZZ: 1
[2019.02.01-01.14.59:800][  0]LogAssetRegistry: FAssetRegistry took 0.0344 seconds to start up
[2019.02.01-01.15.00:157][  0]LogInit: Selected Device Profile: [Windows]
[2019.02.01-01.15.00:333][  0]LogSimplygon: Simplygon DLL not present - disabling.
[2019.02.01-01.15.00:341][  0]LogMeshReduction: Using SimplygonSwarm for distributed automatic mesh merging
[2019.02.01-01.15.00:341][  0]LogMeshReduction: Using ProxyLODMeshReduction for automatic mesh merging
[2019.02.01-01.15.00:341][  0]LogMeshReduction: Using QuadricMeshReduction for automatic static mesh reduction
[2019.02.01-01.15.00:341][  0]LogMeshReduction: No automatic skeletal mesh reduction module available
[2019.02.01-01.15.00:353][  0]LogNetVersion: vfxUnreal 1.0.0, NetCL: 4541578, EngineNetVer: 5, GameNetVer: 0 (Checksum: 2983899016)
[2019.02.01-01.15.00:896][  0]LogPackageLocalizationCache: Processed 11 localized package path(s) for 2 prioritized culture(s) in 0.097121 seconds
[2019.02.01-01.15.00:904][  0]LogUObjectArray: 39775 objects as part of root set at end of initial load.
[2019.02.01-01.15.00:904][  0]LogUObjectAllocator: 6914656 out of 0 bytes used by permanent object pool.
[2019.02.01-01.15.00:904][  0]LogUObjectArray: CloseDisregardForGC: 0/0 objects in disregard for GC pool
[2019.02.01-01.15.01:889][  0]LogTcpMessaging: Initializing TcpMessaging bridge
[2019.02.01-01.15.01:902][  0]LogUdpMessaging: Initializing bridge on interface 0.0.0.0:0 to multicast group 230.0.0.1:6666.
[2019.02.01-01.15.02:617][  0]SourceControl: Source control is disabled
[2019.02.01-01.15.02:617][  0]SourceControl: Source control is disabled
[2019.02.01-01.15.02:619][  0]SourceControl: Source control is disabled
[2019.02.01-01.15.02:621][  0]SourceControl: Source control is disabled
[2019.02.01-01.15.02:794][  0]LogAndroidPermission: UAndroidPermissionCallbackProxy::GetInstance
[2019.02.01-01.15.02:922][  0]LogOcInput: OculusInput pre-init called
[2019.02.01-01.15.03:068][  0]LogEngine: Initializing Engine...
[2019.02.01-01.15.03:069][  0]LogHMD: Failed to initialize OpenVR with code 110
[2019.02.01-01.15.03:070][  0]LogStats: UGameplayTagsManager::ConstructGameplayTagTree: ImportINI prefixes -  0.000 s
[2019.02.01-01.15.03:070][  0]LogStats: UGameplayTagsManager::ConstructGameplayTagTree: Construct from data asset -  0.000 s
[2019.02.01-01.15.03:070][  0]LogStats: UGameplayTagsManager::ConstructGameplayTagTree: ImportINI -  0.000 s
[2019.02.01-01.15.03:070][  0]LogStats: UGameplayTagsManager::ConstructGameplayTagTree: GameplayTagTreeChangedEvent.Broadcast -  0.000 s
[2019.02.01-01.15.03:311][  0]LogInit: Initializing FReadOnlyCVARCache
[2019.02.01-01.15.03:335][  0]LogAIModule: Creating AISystem for world Untitled
[2019.02.01-01.15.03:388][  0]LogInit: XAudio2 using 'Headphones (High Definition Audio Device)' : 2 channels at 48 kHz using 16 bits per sample (channel mask 0x3)
[2019.02.01-01.15.03:406][  0]LogInit: FAudioDevice initialized.
[2019.02.01-01.15.03:406][  0]LogNetVersion: Set ProjectVersion to 1.0.0.0. Version Checksum will be recalculated on next use.
[2019.02.01-01.15.03:561][  0]LogDerivedDataCache: Saved boot cache 0.15s 71MB C:/Users/u0868833/AppData/Local/UnrealEngine/4.21/DerivedDataCache/Boot.ddc.
[2019.02.01-01.15.03:565][  0]LogInit: Texture streaming: Enabled
[2019.02.01-01.15.03:599][  0]LogEngineSessionManager: EngineSessionManager initialized
[2019.02.01-01.15.03:600][  0]LogEngineSessionManager: EngineSessionManager sent abnormal shutdown report. Type=Crashed, SessionId={6EC49D75-4358-5A32-4078-5895B303F5D1}
[2019.02.01-01.15.03:622][  0]LogInit: Transaction tracking system initialized
[2019.02.01-01.15.03:670][  0]BlueprintLog: New page: Editor Load
[2019.02.01-01.15.03:810][  0]LocalizationService: Localization service is disabled
[2019.02.01-01.15.04:317][  0]LogCook: Display: Max memory allowance for cook 16384mb min free memory 0mb
[2019.02.01-01.15.04:317][  0]LogCook: Display: Mobile HDR setting 1
[2019.02.01-01.15.04:317][  0]LogGameplayTags: Display: UGameplayTagsManager::DoneAddingNativeTags. DelegateIsBound: 0
[2019.02.01-01.15.04:317][  0]LogStats: UGameplayTagsManager::ConstructGameplayTagTree: ImportINI prefixes -  0.000 s
[2019.02.01-01.15.04:317][  0]LogStats: UGameplayTagsManager::ConstructGameplayTagTree: Construct from data asset -  0.000 s
[2019.02.01-01.15.04:317][  0]LogStats: UGameplayTagsManager::ConstructGameplayTagTree: ImportINI -  0.000 s
[2019.02.01-01.15.04:317][  0]LogStats: UGameplayTagsManager::ConstructGameplayTagTree: GameplayTagTreeChangedEvent.Broadcast -  0.000 s
[2019.02.01-01.15.04:502][  0]SourceControl: Source control is disabled
[2019.02.01-01.15.04:502][  0]Cmd: MAP LOAD FILE="../../../Engine/Content/Maps/Templates/Template_Default.umap" TEMPLATE=1 SHOWPROGRESS=1 FEATURELEVEL=3
[2019.02.01-01.15.04:502][  0]LightingResults: New page: Lighting Build
[2019.02.01-01.15.04:508][  0]MapCheck: New page: Map Check
[2019.02.01-01.15.04:508][  0]LightingResults: New page: Lighting Build
[2019.02.01-01.15.04:678][  0]LogAIModule: Creating AISystem for world Untitled_1
[2019.02.01-01.15.04:685][  0]LogEditorServer: Finished looking for orphan Actors (0.000 secs)
[2019.02.01-01.15.04:710][  0]Cmd: MAP CHECKDEP NOCLEARLOG
[2019.02.01-01.15.04:710][  0]MapCheck: Map check complete: 0 Error(s), 0 Warning(s), took 0.172ms to complete.
[2019.02.01-01.15.04:710][  0]LogFileHelpers: Loading map 'Template_Default' took 0.208
[2019.02.01-01.15.04:828][  0]LogSlate: Updating window title bar state: overlay mode, drag disabled, window buttons hidden, title bar hidden
[2019.02.01-01.15.04:841][  0]LogSlate: Updating window title bar state: overlay mode, drag disabled, window buttons hidden, title bar hidden
[2019.02.01-01.15.04:847][  0]LogSlate: Updating window title bar state: overlay mode, drag disabled, window buttons hidden, title bar hidden
[2019.02.01-01.15.04:854][  0]LogSlate: Updating window title bar state: overlay mode, drag disabled, window buttons hidden, title bar hidden
[2019.02.01-01.15.04:865][  0]LogCollectionManager: Loaded 0 collections in 0.004509 seconds
[2019.02.01-01.15.04:884][  0]LogFileCache: Scanning file cache for directory 'C:/Users/u0868833/Desktop/Project Folder/Unreal/UnrealVFX/vfxUnreal/Saved/Collections/' took 0.01s
[2019.02.01-01.15.04:884][  0]LogFileCache: Scanning file cache for directory 'C:/Users/u0868833/Desktop/Project Folder/Unreal/UnrealVFX/vfxUnreal/Content/Developers/u0868833/Collections/' took 0.00s
[2019.02.01-01.15.04:884][  0]LogFileCache: Scanning file cache for directory 'C:/Users/u0868833/Desktop/Project Folder/Unreal/UnrealVFX/vfxUnreal/Content/Collections/' took 0.00s
[2019.02.01-01.15.04:884][  0]LogCollectionManager: Rebuilt the GUID cache for 0 collections in 0.000000 seconds
[2019.02.01-01.15.04:892][  0]LogContentBrowser: Native class hierarchy populated in 0.0081 seconds. Added 2652 classes and 622 folders.
[2019.02.01-01.15.04:903][  0]LogContentBrowser: Native class hierarchy updated for 'WidgetCarousel' in 0.0003 seconds. Added 0 classes and 0 folders.
[2019.02.01-01.15.04:905][  0]LogPakFile: Registered encryption key '00000000000000000000000000000000': 0 pak files mounted, 0 remain pending
[2019.02.01-01.15.04:906][  0]LogPakFile: Registered encryption key '00000000000000000000000000000000': 0 pak files mounted, 0 remain pending
[2019.02.01-01.15.04:906][  0]LogPakFile: Registered encryption key '00000000000000000000000000000000': 0 pak files mounted, 0 remain pending
[2019.02.01-01.15.04:907][  0]LogPakFile: Registered encryption key '00000000000000000000000000000000': 0 pak files mounted, 0 remain pending
[2019.02.01-01.15.04:907][  0]LogPakFile: Registered encryption key '00000000000000000000000000000000': 0 pak files mounted, 0 remain pending
[2019.02.01-01.15.04:907][  0]LogPakFile: Registered encryption key '00000000000000000000000000000000': 0 pak files mounted, 0 remain pending
[2019.02.01-01.15.04:908][  0]LogPakFile: Registered encryption key '00000000000000000000000000000000': 0 pak files mounted, 0 remain pending
[2019.02.01-01.15.04:908][  0]LogPakFile: Registered encryption key '00000000000000000000000000000000': 0 pak files mounted, 0 remain pending
[2019.02.01-01.15.04:909][  0]LogPakFile: Registered encryption key '00000000000000000000000000000000': 0 pak files mounted, 0 remain pending
[2019.02.01-01.15.04:909][  0]LogPakFile: Registered encryption key '00000000000000000000000000000000': 0 pak files mounted, 0 remain pending
[2019.02.01-01.15.04:910][  0]LogPakFile: Registered encryption key '00000000000000000000000000000000': 0 pak files mounted, 0 remain pending
[2019.02.01-01.15.04:910][  0]LogPakFile: Registered encryption key '00000000000000000000000000000000': 0 pak files mounted, 0 remain pending
[2019.02.01-01.15.04:911][  0]LogPakFile: Registered encryption key '00000000000000000000000000000000': 0 pak files mounted, 0 remain pending
[2019.02.01-01.15.04:912][  0]LogPakFile: Registered encryption key '00000000000000000000000000000000': 0 pak files mounted, 0 remain pending
[2019.02.01-01.15.04:912][  0]LogPakFile: Registered encryption key '00000000000000000000000000000000': 0 pak files mounted, 0 remain pending
[2019.02.01-01.15.04:912][  0]LogPakFile: Registered encryption key '00000000000000000000000000000000': 0 pak files mounted, 0 remain pending
[2019.02.01-01.15.04:913][  0]LogPakFile: Registered encryption key '00000000000000000000000000000000': 0 pak files mounted, 0 remain pending
[2019.02.01-01.15.04:914][  0]LogPakFile: Registered encryption key '00000000000000000000000000000000': 0 pak files mounted, 0 remain pending
[2019.02.01-01.15.04:915][  0]LogPakFile: Registered encryption key '00000000000000000000000000000000': 0 pak files mounted, 0 remain pending
[2019.02.01-01.15.04:915][  0]LogPakFile: Registered encryption key '00000000000000000000000000000000': 0 pak files mounted, 0 remain pending
[2019.02.01-01.15.04:916][  0]LogPakFile: Registered encryption key '00000000000000000000000000000000': 0 pak files mounted, 0 remain pending
[2019.02.01-01.15.04:916][  0]LogPakFile: Registered encryption key '00000000000000000000000000000000': 0 pak files mounted, 0 remain pending
[2019.02.01-01.15.04:917][  0]LogPakFile: Registered encryption key '00000000000000000000000000000000': 0 pak files mounted, 0 remain pending
[2019.02.01-01.15.04:917][  0]LogPakFile: Registered encryption key '00000000000000000000000000000000': 0 pak files mounted, 0 remain pending
[2019.02.01-01.15.04:918][  0]LogPakFile: Registered encryption key '00000000000000000000000000000000': 0 pak files mounted, 0 remain pending
[2019.02.01-01.15.04:918][  0]LogPakFile: Registered encryption key '00000000000000000000000000000000': 0 pak files mounted, 0 remain pending
[2019.02.01-01.15.04:991][  0]LogContentBrowser: Native class hierarchy updated for 'AddContentDialog' in 0.0002 seconds. Added 0 classes and 0 folders.
[2019.02.01-01.15.05:054][  0]LogSlate: Took 0.000241 seconds to synchronously load lazily loaded font '../../../Engine/Content/Slate/Fonts/Roboto-Regular.ttf' (155K)
[2019.02.01-01.15.05:060][  0]LogSlate: Took 0.000238 seconds to synchronously load lazily loaded font '../../../Engine/Content/Slate/Fonts/Roboto-Bold.ttf' (160K)
[2019.02.01-01.15.05:064][  0]LogSlate: Took 0.000213 seconds to synchronously load lazily loaded font '../../../Engine/Content/Editor/Slate/Fonts/FontAwesome.ttf' (139K)
[2019.02.01-01.15.05:116][  0]LogRenderer: Reallocating scene render targets to support 1340x712 Format 10 NumSamples 1 (Frame:1).
[2019.02.01-01.15.05:234][  0]LogContentBrowser: Native class hierarchy updated for 'HierarchicalLODOutliner' in 0.0003 seconds. Added 0 classes and 0 folders.
[2019.02.01-01.15.05:234][  0]LogLoad: (Engine Initialization) Total time: 11.29 seconds
[2019.02.01-01.15.05:234][  0]LogLoad: (Engine Initialization) Total Blueprint compile time: 0.00 seconds
[2019.02.01-01.15.05:245][  0]LogWindowsTextInputMethodSystem: Display: IME system now deactivated.
[2019.02.01-01.15.05:307][  0]LogContentStreaming: Texture pool size now 1000 MB
[2019.02.01-01.15.05:377][  1]LogAssetRegistry: Asset discovery search completed in 5.5997 seconds
[2019.02.01-01.15.05:379][  1]LogCollectionManager: Rebuilt the object cache for 0 collections in 0.000001 seconds (found 0 objects)
[2019.02.01-01.15.05:379][  1]LogCollectionManager: Fixed up redirectors for 0 collections in 0.000050 seconds (updated 0 objects)
[2019.02.01-01.15.06:264][104]LogSlate: Took 0.000207 seconds to synchronously load lazily loaded font '../../../Engine/Content/Slate/Fonts/Roboto-Light.ttf' (167K)
[2019.02.01-01.15.07:872][295]LogSlate: FSceneViewport::OnFocusLost() reason 0
[2019.02.01-01.15.08:454][364]LogSlate: Took 0.000212 seconds to synchronously load lazily loaded font '../../../Engine/Content/Slate/Fonts/Roboto-Light.ttf' (167K)
[2019.02.01-01.15.14:862][109]LogAIModule: Creating AISystem for world vfx_stylized
[2019.02.01-01.15.14:869][109]LogAssetEditorManager: Opening Asset editor for World /Game/levels/vfx_stylized/vfx_stylized.vfx_stylized
[2019.02.01-01.15.14:888][109]Cmd: MAP LOAD FILE="../../../../../../Users/u0868833/Desktop/Project Folder/Unreal/UnrealVFX/vfxUnreal/Content/levels/vfx_stylized/vfx_stylized.umap" TEMPLATE=0 SHOWPROGRESS=1 FEATURELEVEL=3
[2019.02.01-01.15.14:888][109]LightingResults: New page: Lighting Build
[2019.02.01-01.15.14:889][109]LoadErrors: New page: Loading map: vfx_stylized.umap
[2019.02.01-01.15.14:889][109]MapCheck: New page: Map Check
[2019.02.01-01.15.14:889][109]LightingResults: New page: Lighting Build
[2019.02.01-01.15.14:976][109]LogEditorServer: Finished looking for orphan Actors (0.000 secs)
[2019.02.01-01.15.15:026][109]Cmd: MAP CHECKDEP NOCLEARLOG
[2019.02.01-01.15.15:027][109]MapCheck: Map check complete: 0 Error(s), 0 Warning(s), took 0.165ms to complete.
[2019.02.01-01.15.15:027][109]LogFileHelpers: Loading map 'vfx_stylized' took 0.139
[2019.02.01-01.15.17:267][368]LogSlate: FSceneViewport::OnFocusLost() reason 0
[2019.02.01-01.15.20:722][767]LogAssetEditorManager: Opening Asset editor for Blueprint /Game/particles/BP_MetorAttack.BP_MetorAttack
[2019.02.01-01.15.21:153][767]LogContentBrowser: Native class hierarchy updated for 'BlueprintGraph' in 0.0007 seconds. Added 117 classes and 0 folders.
[2019.02.01-01.15.21:913][767]LogAssetEditorManager: Opening Asset editor for Material /Game/materials/M_Decal_AOERing.M_Decal_AOERing
[2019.02.01-01.15.21:917][767]LogMaterial: Display: Missing cached shader map for material M_Decal_AOERing, compiling. 
[2019.02.01-01.15.22:279][767]LogMaterial: Display: Missing cached shader map for material M_Decal_AOERing, compiling. 
[2019.02.01-01.15.22:299][767]LogMaterial: Display: Missing cached shader map for material M_Decal_AOERing, compiling. 
[2019.02.01-01.15.22:324][767]LogShaderCompilers: Display: Shaders left to compile 32
[2019.02.01-01.15.22:324][767]LogShaderCompilers: Display: Shaders left to compile 31
[2019.02.01-01.15.22:324][767]LogShaderCompilers: Display: Shaders left to compile 30
[2019.02.01-01.15.22:324][767]LogShaderCompilers: Display: Shaders left to compile 29
[2019.02.01-01.15.22:350][767]LogMaterial: Display: Missing cached shader map for material FMatExpressionPreview MaterialExpressionTextureSample_0, compiling. 
[2019.02.01-01.15.22:356][767]LogMaterial: Display: Missing cached shader map for material FMatExpressionPreview MaterialExpressionConstant3Vector_1, compiling. 
[2019.02.01-01.15.22:428][767]LogAssetEditorManager: Opening Asset editor for ParticleSystem /Game/particles/P_smallMeteors.P_smallMeteors
[2019.02.01-01.15.22:445][767]LogContentBrowser: Native class hierarchy updated for 'Cascade' in 0.0008 seconds. Added 2 classes and 2 folders.
[2019.02.01-01.15.22:737][767]LogRenderer: Reallocating scene render targets to support 1340x920 Format 10 NumSamples 1 (Frame:1).
[2019.02.01-01.15.22:884][771]LogShaderCompilers: Display: Shaders left to compile 32
[2019.02.01-01.15.22:921][773]LogShaderCompilers: Display: Shaders left to compile 31
[2019.02.01-01.15.22:937][774]LogShaderCompilers: Display: Shaders left to compile 30
[2019.02.01-01.15.22:951][775]LogShaderCompilers: Display: Shaders left to compile 29
[2019.02.01-01.15.23:149][787]LogShaderCompilers: Display: Shaders left to compile 28
[2019.02.01-01.15.23:186][789]LogShaderCompilers: Display: Shaders left to compile 27
[2019.02.01-01.15.23:250][793]LogShaderCompilers: Display: Shaders left to compile 26
[2019.02.01-01.15.23:282][795]LogShaderCompilers: Display: Shaders left to compile 25
[2019.02.01-01.15.23:682][822]LogShaderCompilers: Display: Shaders left to compile 24
[2019.02.01-01.15.23:711][824]LogShaderCompilers: Display: Shaders left to compile 23
[2019.02.01-01.15.23:789][829]LogShaderCompilers: Display: Shaders left to compile 22
[2019.02.01-01.15.24:120][851]LogShaderCompilers: Display: Shaders left to compile 21
[2019.02.01-01.15.24:221][858]LogShaderCompilers: Display: Shaders left to compile 20
[2019.02.01-01.15.24:270][861]LogShaderCompilers: Display: Shaders left to compile 19
[2019.02.01-01.15.24:478][875]LogShaderCompilers: Display: Shaders left to compile 18
[2019.02.01-01.15.24:615][883]LogShaderCompilers: Display: Shaders left to compile 17
[2019.02.01-01.15.24:703][889]LogShaderCompilers: Display: Shaders left to compile 16
[2019.02.01-01.15.24:777][894]LogShaderCompilers: Display: Shaders left to compile 15
[2019.02.01-01.15.24:996][908]LogShaderCompilers: Display: Shaders left to compile 14
[2019.02.01-01.15.25:226][922]LogShaderCompilers: Display: Shaders left to compile 13
[2019.02.01-01.15.25:295][926]LogShaderCompilers: Display: Shaders left to compile 12
[2019.02.01-01.15.25:368][930]LogShaderCompilers: Display: Shaders left to compile 11
[2019.02.01-01.15.25:580][945]LogShaderCompilers: Display: Shaders left to compile 10
[2019.02.01-01.15.25:750][955]LogShaderCompilers: Display: Shaders left to compile 9
[2019.02.01-01.15.25:840][958]LogShaderCompilers: Display: Shaders left to compile 8
[2019.02.01-01.15.25:929][964]LogShaderCompilers: Display: Shaders left to compile 7
[2019.02.01-01.15.26:161][980]LogShaderCompilers: Display: Shaders left to compile 6
[2019.02.01-01.15.26:370][993]LogShaderCompilers: Display: Shaders left to compile 5
[2019.02.01-01.15.26:409][995]LogShaderCompilers: Display: Shaders left to compile 4
[2019.02.01-01.15.26:505][  0]LogShaderCompilers: Display: Shaders left to compile 3
[2019.02.01-01.15.26:765][ 14]LogShaderCompilers: Display: Shaders left to compile 2
[2019.02.01-01.15.26:820][ 17]LogShaderCompilers: Display: Shaders left to compile 1
[2019.02.01-01.15.26:990][ 27]MaterialEditorStats: Base pass shader: 72 instructions
[2019.02.01-01.15.26:990][ 27]MaterialEditorStats: Base pass shader with Volumetric Lightmap: 100 instructions
[2019.02.01-01.15.26:990][ 27]MaterialEditorStats: Base pass vertex shader: 111 instructions
[2019.02.01-01.15.26:990][ 27]MaterialEditorStats: Texture samplers: 3/16
[2019.02.01-01.15.26:990][ 27]MaterialEditorStats: Texture Lookups (Est.): VS(0), PS(1)
[2019.02.01-01.15.26:990][ 27]MaterialEditorStats: User interpolators: 2/4 Scalars (1/4 Vectors) (TexCoords: 2, Custom: 0)
[2019.02.01-01.15.46:680][869]LogSlate: FSceneViewport::OnFocusLost() reason 0
[2019.02.01-01.15.53:807][591]LogMaterial: Display: Missing cached shader map for material PM_MoonEffect_AirCone, compiling. 
[2019.02.01-01.15.53:895][592]LogShaderCompilers: Display: Shaders left to compile 87
[2019.02.01-01.15.53:895][592]LogShaderCompilers: Display: Shaders left to compile 77
[2019.02.01-01.15.53:895][592]LogShaderCompilers: Display: Shaders left to compile 67
[2019.02.01-01.15.53:895][592]LogShaderCompilers: Display: Shaders left to compile 57
[2019.02.01-01.15.56:676][766]LogAssetEditorManager: Opening Asset editor for Material /Game/materials/PM_MoonEffect_AirCone.PM_MoonEffect_AirCone
[2019.02.01-01.15.56:681][766]LogMaterial: Display: Missing cached shader map for material PM_MoonEffect_AirCone, compiling. 
[2019.02.01-01.15.56:857][766]LogMaterial: Display: Missing cached shader map for material PM_MoonEffect_AirCone, compiling. 
[2019.02.01-01.15.56:885][766]LogMaterial: Display: Missing cached shader map for material PM_MoonEffect_AirCone, compiling. 
[2019.02.01-01.15.56:949][766]LogMaterial: Display: Missing cached shader map for material FMatExpressionPreview MaterialExpressionTextureSample_0, compiling. 
[2019.02.01-01.15.57:021][766]LogSlate: Took 0.000296 seconds to synchronously load lazily loaded font '../../../Engine/Content/Slate/Fonts/Roboto-BoldCondensed.ttf' (158K)
[2019.02.01-01.15.57:269][769]LogSlate: Took 0.000361 seconds to synchronously load lazily loaded font '../../../Engine/Content/Slate/Fonts/Roboto-Italic.ttf' (157K)
[2019.02.01-01.15.58:687][859]LogShaderCompilers: Display: Shaders left to compile 79
[2019.02.01-01.15.58:928][875]LogShaderCompilers: Display: Shaders left to compile 78
[2019.02.01-01.15.59:158][890]LogShaderCompilers: Display: Shaders left to compile 77
[2019.02.01-01.15.59:293][898]LogShaderCompilers: Display: Shaders left to compile 76
[2019.02.01-01.15.59:388][903]LogShaderCompilers: Display: Shaders left to compile 75
[2019.02.01-01.15.59:517][910]LogShaderCompilers: Display: Shaders left to compile 74
[2019.02.01-01.15.59:591][915]LogShaderCompilers: Display: Shaders left to compile 73
[2019.02.01-01.15.59:667][920]LogShaderCompilers: Display: Shaders left to compile 72
[2019.02.01-01.15.59:722][924]LogShaderCompilers: Display: Shaders left to compile 71
[2019.02.01-01.16.00:023][940]LogShaderCompilers: Display: Shaders left to compile 70
[2019.02.01-01.16.00:135][948]LogShaderCompilers: Display: Shaders left to compile 69
[2019.02.01-01.16.00:232][954]LogShaderCompilers: Display: Shaders left to compile 68
[2019.02.01-01.16.00:347][960]LogShaderCompilers: Display: Shaders left to compile 67
[2019.02.01-01.16.00:442][967]LogShaderCompilers: Display: Shaders left to compile 66
[2019.02.01-01.16.00:527][971]LogShaderCompilers: Display: Shaders left to compile 65
[2019.02.01-01.16.00:676][980]LogShaderCompilers: Display: Shaders left to compile 64
[2019.02.01-01.16.00:770][986]LogShaderCompilers: Display: Shaders left to compile 63
[2019.02.01-01.16.00:952][997]LogShaderCompilers: Display: Shaders left to compile 62
[2019.02.01-01.16.01:075][  5]LogShaderCompilers: Display: Shaders left to compile 61
[2019.02.01-01.16.01:124][  8]LogShaderCompilers: Display: Shaders left to compile 60
[2019.02.01-01.16.01:310][ 20]LogShaderCompilers: Display: Shaders left to compile 59
[2019.02.01-01.16.01:584][ 33]LogShaderCompilers: Display: Shaders left to compile 58
[2019.02.01-01.16.01:602][ 34]LogShaderCompilers: Display: Shaders left to compile 57
[2019.02.01-01.16.01:722][ 40]LogShaderCompilers: Display: Shaders left to compile 56
[2019.02.01-01.16.01:969][ 53]LogShaderCompilers: Display: Shaders left to compile 55
[2019.02.01-01.16.02:102][ 60]LogShaderCompilers: Display: Shaders left to compile 54
[2019.02.01-01.16.02:230][ 67]LogShaderCompilers: Display: Shaders left to compile 53
[2019.02.01-01.16.02:286][ 70]LogShaderCompilers: Display: Shaders left to compile 52
[2019.02.01-01.16.02:471][ 80]LogShaderCompilers: Display: Shaders left to compile 51
[2019.02.01-01.16.02:693][ 92]LogShaderCompilers: Display: Shaders left to compile 50
[2019.02.01-01.16.02:818][ 98]LogShaderCompilers: Display: Shaders left to compile 49
[2019.02.01-01.16.02:818][ 98]LogShaderCompilers: Display: Shaders left to compile 48
[2019.02.01-01.16.03:072][112]LogShaderCompilers: Display: Shaders left to compile 47
[2019.02.01-01.16.03:140][116]LogShaderCompilers: Display: Shaders left to compile 37
[2019.02.01-01.16.03:193][119]LogShaderCompilers: Display: Shaders left to compile 27
[2019.02.01-01.16.03:291][123]LogShaderCompilers: Display: Shaders left to compile 17
[2019.02.01-01.16.03:304][123]MaterialEditorStats: Base pass shader: 69 instructions
[2019.02.01-01.16.03:304][123]MaterialEditorStats: Base pass shader with Volumetric Lightmap: 90 instructions
[2019.02.01-01.16.03:304][123]MaterialEditorStats: Base pass vertex shader: 111 instructions
[2019.02.01-01.16.03:304][123]MaterialEditorStats: Texture samplers: 3/16
[2019.02.01-01.16.03:304][123]MaterialEditorStats: Texture Lookups (Est.): VS(0), PS(1)
[2019.02.01-01.16.03:304][123]MaterialEditorStats: User interpolators: 2/4 Scalars (1/4 Vectors) (TexCoords: 2, Custom: 0)
[2019.02.01-01.16.05:359][234]LogAssetEditorManager: Opening Asset editor for Material /Game/materials/M_Decal_Impact.M_Decal_Impact
[2019.02.01-01.16.05:366][234]LogMaterial: Display: Missing cached shader map for material M_Decal_Impact, compiling. 
[2019.02.01-01.16.05:660][234]LogMaterial: Display: Missing cached shader map for material M_Decal_Impact, compiling. 
[2019.02.01-01.16.05:714][234]LogMaterial: Display: Missing cached shader map for material M_Decal_Impact, compiling. 
[2019.02.01-01.16.05:801][234]LogMaterial: Display: Missing cached shader map for material FMatExpressionPreview MaterialExpressionTextureSample_2, compiling. 
[2019.02.01-01.16.05:810][234]LogMaterial: Display: Missing cached shader map for material FMatExpressionPreview MaterialExpressionConstant3Vector_1, compiling. 
[2019.02.01-01.16.05:818][234]LogMaterial: Display: Missing cached shader map for material FMatExpressionPreview MaterialExpressionTextureSample_4, compiling. 
[2019.02.01-01.16.05:829][234]LogMaterial: Display: Missing cached shader map for material FMatExpressionPreview MaterialExpressionConstant3Vector_2, compiling. 
[2019.02.01-01.16.07:525][299]LogShaderCompilers: Display: Shaders left to compile 47
[2019.02.01-01.16.07:656][306]LogShaderCompilers: Display: Shaders left to compile 46
[2019.02.01-01.16.07:732][310]LogShaderCompilers: Display: Shaders left to compile 45
[2019.02.01-01.16.07:859][318]LogShaderCompilers: Display: Shaders left to compile 44
[2019.02.01-01.16.07:952][323]LogShaderCompilers: Display: Shaders left to compile 43
[2019.02.01-01.16.08:078][330]LogShaderCompilers: Display: Shaders left to compile 42
[2019.02.01-01.16.08:136][333]LogShaderCompilers: Display: Shaders left to compile 41
[2019.02.01-01.16.08:182][336]LogShaderCompilers: Display: Shaders left to compile 40
[2019.02.01-01.16.08:271][341]LogShaderCompilers: Display: Shaders left to compile 39
[2019.02.01-01.16.08:350][346]LogShaderCompilers: Display: Shaders left to compile 38
[2019.02.01-01.16.08:406][349]LogShaderCompilers: Display: Shaders left to compile 37
[2019.02.01-01.16.08:658][363]LogShaderCompilers: Display: Shaders left to compile 36
[2019.02.01-01.16.08:703][366]LogShaderCompilers: Display: Shaders left to compile 35
[2019.02.01-01.16.08:816][372]LogShaderCompilers: Display: Shaders left to compile 34
[2019.02.01-01.16.08:987][382]LogShaderCompilers: Display: Shaders left to compile 33
[2019.02.01-01.16.09:119][389]LogShaderCompilers: Display: Shaders left to compile 32
[2019.02.01-01.16.09:191][393]LogShaderCompilers: Display: Shaders left to compile 31
[2019.02.01-01.16.09:267][397]LogShaderCompilers: Display: Shaders left to compile 30
[2019.02.01-01.16.09:459][407]LogShaderCompilers: Display: Shaders left to compile 29
[2019.02.01-01.16.09:633][416]LogShaderCompilers: Display: Shaders left to compile 28
[2019.02.01-01.16.09:741][421]LogShaderCompilers: Display: Shaders left to compile 27
[2019.02.01-01.16.09:772][423]LogShaderCompilers: Display: Shaders left to compile 26
[2019.02.01-01.16.09:960][433]LogShaderCompilers: Display: Shaders left to compile 25
[2019.02.01-01.16.10:196][445]LogShaderCompilers: Display: Shaders left to compile 24
[2019.02.01-01.16.10:211][446]LogShaderCompilers: Display: Shaders left to compile 23
[2019.02.01-01.16.10:270][447]LogShaderCompilers: Display: Shaders left to compile 14
[2019.02.01-01.16.10:537][458]LogShaderCompilers: Display: Shaders left to compile 13
[2019.02.01-01.16.10:664][466]LogShaderCompilers: Display: Shaders left to compile 12
[2019.02.01-01.16.10:677][467]LogShaderCompilers: Display: Shaders left to compile 11
[2019.02.01-01.16.10:778][473]LogShaderCompilers: Display: Shaders left to compile 10
[2019.02.01-01.16.11:014][488]LogShaderCompilers: Display: Shaders left to compile 9
[2019.02.01-01.16.11:122][495]LogUObjectHash: Warning: Ambiguous search, could be MaterialGraphNode /Engine/Transient.M_Decal_Impact:MaterialGraph_0.MaterialGraphNode_7 or MaterialGraphNode /Engine/Transient.PM_MoonEffect_AirCone:MaterialGraph_0.MaterialGraphNode_7
[2019.02.01-01.16.11:122][495]LogProperty: Warning: ObjectProperty /Script/Engine.ExpressionInput:Expression: unresolved reference to 'MaterialExpressionTextureCoordinate'"MaterialGraphNode_7.MaterialExpressionTextureCoordinate_0"',InputName="UVs"))'
[2019.02.01-01.16.11:122][495]LogUObjectHash: Warning: Ambiguous search, could be MaterialGraphNode /Engine/Transient.M_Decal_Impact:MaterialGraph_0.MaterialGraphNode_8 or MaterialGraphNode /Engine/Transient.PM_MoonEffect_AirCone:MaterialGraph_0.MaterialGraphNode_8
[2019.02.01-01.16.11:122][495]LogProperty: Warning: ObjectProperty /Script/Engine.ExpressionInput:Expression: unresolved reference to 'MaterialExpressionConstant'"MaterialGraphNode_8.MaterialExpressionConstant_0"',InputName="Texture Scale"))'
[2019.02.01-01.16.11:134][495]LogMaterial: Display: Missing cached shader map for material PM_MoonEffect_AirCone, compiling. 
[2019.02.01-01.16.11:160][495]LogShaderCompilers: Display: Shaders left to compile 8
[2019.02.01-01.16.11:282][500]LogShaderCompilers: Display: Shaders left to compile 37
[2019.02.01-01.16.11:298][501]LogShaderCompilers: Display: Shaders left to compile 36
[2019.02.01-01.16.11:483][513]LogShaderCompilers: Display: Shaders left to compile 35
[2019.02.01-01.16.11:499][514]LogShaderCompilers: Display: Shaders left to compile 34
[2019.02.01-01.16.11:515][515]LogShaderCompilers: Display: Shaders left to compile 33
[2019.02.01-01.16.11:673][526]LogShaderCompilers: Display: Shaders left to compile 32
[2019.02.01-01.16.11:715][529]LogShaderCompilers: Display: Shaders left to compile 31
[2019.02.01-01.16.11:715][529]LogShaderCompilers: Display: Shaders left to compile 30
[2019.02.01-01.16.11:774][533]LogShaderCompilers: Display: Shaders left to compile 29
[2019.02.01-01.16.11:875][540]LogShaderCompilers: Display: Shaders left to compile 28
[2019.02.01-01.16.12:191][559]LogShaderCompilers: Display: Shaders left to compile 27
[2019.02.01-01.16.12:227][561]LogShaderCompilers: Display: Shaders left to compile 26
[2019.02.01-01.16.12:251][563]LogShaderCompilers: Display: Shaders left to compile 25
[2019.02.01-01.16.12:533][579]LogShaderCompilers: Display: Shaders left to compile 24
[2019.02.01-01.16.12:615][584]LogShaderCompilers: Display: Shaders left to compile 23
[2019.02.01-01.16.12:683][589]LogShaderCompilers: Display: Shaders left to compile 22
[2019.02.01-01.16.12:873][601]LogShaderCompilers: Display: Shaders left to compile 21
[2019.02.01-01.16.12:999][609]LogShaderCompilers: Display: Shaders left to compile 20
[2019.02.01-01.16.13:013][610]LogShaderCompilers: Display: Shaders left to compile 19
[2019.02.01-01.16.13:129][618]LogShaderCompilers: Display: Shaders left to compile 18
[2019.02.01-01.16.13:375][632]LogShaderCompilers: Display: Shaders left to compile 17
[2019.02.01-01.16.13:484][639]LogShaderCompilers: Display: Shaders left to compile 16
[2019.02.01-01.16.13:639][648]LogShaderCompilers: Display: Shaders left to compile 15
[2019.02.01-01.16.13:639][648]LogShaderCompilers: Display: Shaders left to compile 14
[2019.02.01-01.16.13:848][660]LogShaderCompilers: Display: Shaders left to compile 13
[2019.02.01-01.16.14:132][677]LogShaderCompilers: Display: Shaders left to compile 12
[2019.02.01-01.16.14:145][678]LogShaderCompilers: Display: Shaders left to compile 11
[2019.02.01-01.16.14:157][679]LogShaderCompilers: Display: Shaders left to compile 10
[2019.02.01-01.16.14:455][698]LogShaderCompilers: Display: Shaders left to compile 9
[2019.02.01-01.16.14:561][706]LogShaderCompilers: Display: Shaders left to compile 8
[2019.02.01-01.16.14:587][708]LogShaderCompilers: Display: Shaders left to compile 7
[2019.02.01-01.16.14:594][708]LogMaterial: Display: Missing cached shader map for material PM_MoonEffect_AirCone, compiling. 
[2019.02.01-01.16.14:639][708]LogMaterial: Display: Missing cached shader map for material FMatExpressionPreview MaterialExpressionTextureSample_0, compiling. 
[2019.02.01-01.16.14:658][708]LogShaderCompilers: Display: Shaders left to compile 32
[2019.02.01-01.16.14:877][719]LogShaderCompilers: Display: Shaders left to compile 31
[2019.02.01-01.16.14:893][720]LogShaderCompilers: Display: Shaders left to compile 30
[2019.02.01-01.16.15:072][732]LogShaderCompilers: Display: Shaders left to compile 29
[2019.02.01-01.16.15:102][734]LogShaderCompilers: Display: Shaders left to compile 28
[2019.02.01-01.16.15:213][741]LogShaderCompilers: Display: Shaders left to compile 27
[2019.02.01-01.16.15:273][745]LogShaderCompilers: Display: Shaders left to compile 26
[2019.02.01-01.16.15:286][746]LogShaderCompilers: Display: Shaders left to compile 25
[2019.02.01-01.16.15:404][753]LogShaderCompilers: Display: Shaders left to compile 24
[2019.02.01-01.16.15:734][772]LogShaderCompilers: Display: Shaders left to compile 23
[2019.02.01-01.16.15:764][774]LogShaderCompilers: Display: Shaders left to compile 22
[2019.02.01-01.16.15:938][785]LogMaterialEditor: Applying material PM_MoonEffect_AirCone
[2019.02.01-01.16.16:454][785]LogShaderCompilers: Display: Shaders left to compile 21
[2019.02.01-01.16.16:454][785]LogShaderCompilers: Display: Shaders left to compile 20
[2019.02.01-01.16.16:455][785]LogShaderCompilers: Display: Shaders left to compile 19
[2019.02.01-01.16.16:472][785]LogMaterial: Display: Missing cached shader map for material PM_MoonEffect_AirCone, compiling. 
[2019.02.01-01.16.16:563][785]LogShaderCompilers: Display: Shaders left to compile 2
[2019.02.01-01.16.16:563][785]LogShaderCompilers: Display: Shaders left to compile 1
[2019.02.01-01.16.16:589][785]LogMaterial: Display: Missing cached shader map for material PM_MoonEffect_AirCone, compiling. 
[2019.02.01-01.16.16:670][785]LogMaterial: Display: Missing cached shader map for material PM_MoonEffect_AirCone, compiling. 
[2019.02.01-01.16.16:779][785]LogMaterial: Display: Missing cached shader map for material FDebugViewModeMaterialProxy PM_MoonEffect_AirCone, compiling. 
[2019.02.01-01.16.19:734][785]LogShaderCompilers: Display: Shaders left to compile 118
[2019.02.01-01.16.19:734][785]LogShaderCompilers: Display: Shaders left to compile 117
[2019.02.01-01.16.19:734][785]LogShaderCompilers: Display: Shaders left to compile 116
[2019.02.01-01.16.19:734][785]LogShaderCompilers: Display: Shaders left to compile 115
[2019.02.01-01.16.19:734][785]LogShaderCompilers: Display: Shaders left to compile 114
[2019.02.01-01.16.19:734][785]LogShaderCompilers: Display: Shaders left to compile 113
[2019.02.01-01.16.19:734][785]LogShaderCompilers: Display: Shaders left to compile 112
[2019.02.01-01.16.19:734][785]LogShaderCompilers: Display: Shaders left to compile 111
[2019.02.01-01.16.19:734][785]LogShaderCompilers: Display: Shaders left to compile 110
[2019.02.01-01.16.19:734][785]LogShaderCompilers: Display: Shaders left to compile 109
[2019.02.01-01.16.19:735][785]LogShaderCompilers: Display: Shaders left to compile 108
[2019.02.01-01.16.19:735][785]LogShaderCompilers: Display: Shaders left to compile 107
[2019.02.01-01.16.19:735][785]LogShaderCompilers: Display: Shaders left to compile 106
[2019.02.01-01.16.19:735][785]LogShaderCompilers: Display: Shaders left to compile 105
[2019.02.01-01.16.19:735][785]LogShaderCompilers: Display: Shaders left to compile 104
[2019.02.01-01.16.19:735][785]LogShaderCompilers: Display: Shaders left to compile 103
[2019.02.01-01.16.19:735][785]LogShaderCompilers: Display: Shaders left to compile 102
[2019.02.01-01.16.19:735][785]LogShaderCompilers: Display: Shaders left to compile 101
[2019.02.01-01.16.19:735][785]LogShaderCompilers: Display: Shaders left to compile 100
[2019.02.01-01.16.19:735][785]LogShaderCompilers: Display: Shaders left to compile 99
[2019.02.01-01.16.19:735][785]LogShaderCompilers: Display: Shaders left to compile 98
[2019.02.01-01.16.19:735][785]LogShaderCompilers: Display: Shaders left to compile 97
[2019.02.01-01.16.19:735][785]LogShaderCompilers: Display: Shaders left to compile 96
[2019.02.01-01.16.19:735][785]LogShaderCompilers: Display: Shaders left to compile 95
[2019.02.01-01.16.19:735][785]LogShaderCompilers: Display: Shaders left to compile 94
[2019.02.01-01.16.19:735][785]LogShaderCompilers: Display: Shaders left to compile 93
[2019.02.01-01.16.19:735][785]LogShaderCompilers: Display: Shaders left to compile 92
[2019.02.01-01.16.19:735][785]LogShaderCompilers: Display: Shaders left to compile 91
[2019.02.01-01.16.19:735][785]LogShaderCompilers: Display: Shaders left to compile 90
[2019.02.01-01.16.19:735][785]LogShaderCompilers: Display: Shaders left to compile 89
[2019.02.01-01.16.19:735][785]LogShaderCompilers: Display: Shaders left to compile 88
[2019.02.01-01.16.19:735][785]LogShaderCompilers: Display: Shaders left to compile 87
[2019.02.01-01.16.19:735][785]LogShaderCompilers: Display: Shaders left to compile 77
[2019.02.01-01.16.19:737][785]TextureStreamingBuild: Display: Compiling optional shaders took 2.966 seconds.
[2019.02.01-01.16.19:814][786]LogShaderCompilers: Display: Shaders left to compile 67
[2019.02.01-01.16.19:960][795]LogShaderCompilers: Display: Shaders left to compile 57
[2019.02.01-01.16.21:669][878]LogSavePackage: Moving '../../../../../../Users/u0868833/Desktop/Project Folder/Unreal/UnrealVFX/vfxUnreal/Saved/vfx_stylized4E321BBF43D9258F754682AC48936D33.tmp' to '../../../../../../Users/u0868833/Desktop/Project Folder/Unreal/UnrealVFX/vfxUnreal/Content/levels/vfx_stylized/vfx_stylized.umap'
[2019.02.01-01.16.21:727][878]LogFileHelpers: Saving map 'vfx_stylized' took 0.400
[2019.02.01-01.16.29:275][878]LogShaderCompilers: Display: Shaders left to compile 47
[2019.02.01-01.16.29:275][878]LogShaderCompilers: Display: Shaders left to compile 37
[2019.02.01-01.16.29:275][878]LogShaderCompilers: Display: Shaders left to compile 27
[2019.02.01-01.16.29:275][878]LogShaderCompilers: Display: Shaders left to compile 17
[2019.02.01-01.16.29:275][878]LogShaderCompilers: Display: Shaders left to compile 7
[2019.02.01-01.16.29:312][878]LogSavePackage: Moving '../../../../../../Users/u0868833/Desktop/Project Folder/Unreal/UnrealVFX/vfxUnreal/Saved/PM_MoonEffect_AirConeFBD0F7704EB2BD425722D0B089DC9B74.tmp' to '../../../../../../Users/u0868833/Desktop/Project Folder/Unreal/UnrealVFX/vfxUnreal/Content/materials/PM_MoonEffect_AirCone.uasset'
[2019.02.01-01.16.29:327][878]MaterialEditorStats: Base pass shader: 70 instructions
[2019.02.01-01.16.29:327][878]MaterialEditorStats: Base pass shader with Volumetric Lightmap: 91 instructions
[2019.02.01-01.16.29:327][878]MaterialEditorStats: Base pass vertex shader: 111 instructions
[2019.02.01-01.16.29:327][878]MaterialEditorStats: Texture samplers: 7/16
[2019.02.01-01.16.29:327][878]MaterialEditorStats: Texture Lookups (Est.): VS(0), PS(1)
[2019.02.01-01.16.29:328][878]MaterialEditorStats: User interpolators: 2/4 Scalars (1/4 Vectors) (TexCoords: 2, Custom: 0)
[2019.02.01-01.16.39:707][973]LogSlate: FSceneViewport::OnFocusLost() reason 2
[2019.02.01-01.16.42:846][325]LogSlate: FSceneViewport::OnFocusLost() reason 0
[2019.02.01-01.16.47:269][723]LogEditorActor: Deleted Actor: StaticMeshActor
[2019.02.01-01.16.47:295][723]LogEditorActor: Deleted 1 Actors (0.027 secs)
[2019.02.01-01.16.49:463][964]LogMaterial: Warning: Material /Game/materials/M_Decal_Impact.M_Decal_Impact needed to have new flag set bUsedWithParticleSprites !
[2019.02.01-01.16.49:470][964]LogMaterial: Display: Missing cached shader map for material M_Decal_Impact, compiling. 
[2019.02.01-01.16.49:522][964]LogWindows: Windows GetLastError: The operation completed successfully. (0)
[2019.02.01-01.16.49:528][965]LogShaderCompilers: Display: Shaders left to compile 94
[2019.02.01-01.16.49:528][965]LogShaderCompilers: Display: Shaders left to compile 84
[2019.02.01-01.16.49:528][965]LogShaderCompilers: Display: Shaders left to compile 74
[2019.02.01-01.16.49:528][965]LogShaderCompilers: Display: Shaders left to compile 64
[2019.02.01-01.16.51:624][966]LogOutputDevice: Warning: 

Script Stack (0 frames):

[2019.02.01-01.16.51:624][966]LogWindows: Windows GetLastError: The operation completed successfully. (0)
[2019.02.01-01.16.51:624][966]LogWindows: Error: === Critical error: ===
[2019.02.01-01.16.51:624][966]LogWindows: Error: 
[2019.02.01-01.16.51:624][966]LogWindows: Error: Fatal error: [File:D:\Build\++UE4\Sync\Engine\Source\Runtime\RenderCore\Private\RenderingThread.cpp] [Line: 826] 
[2019.02.01-01.16.51:624][966]LogWindows: Error: Rendering thread exception:
[2019.02.01-01.16.51:624][966]LogWindows: Error: Fatal error: [File:D:\Build\++UE4\Sync\Engine\Source\Runtime\Engine\Private\Materials\MaterialShared.cpp] [Line: 1871] 
[2019.02.01-01.16.51:624][966]LogWindows: Error: Couldn't find Shader TTranslucencyShadowDepthVS<TranslucencyShadowDepth_Standard> for Material Resource DefaultDeferredDecalMaterial!
[2019.02.01-01.16.51:624][966]LogWindows: Error: 		RenderMeshShaderMap 0, RenderThreadShaderMap 1
[2019.02.01-01.16.51:624][966]LogWindows: Error: 		GameMeshShaderMap 0, GameThreadShaderMap 1, bShaderWasFoundInGameShaderMap 0
[2019.02.01-01.16.51:624][966]LogWindows: Error: 		With VF=FParticleSpriteVertexFactory, Platform=PCD3D_SM5
[2019.02.01-01.16.51:624][966]LogWindows: Error: 		ShouldCache: Mat=1, VF=0, Shader=1 
[2019.02.01-01.16.51:624][966]LogWindows: Error: 		MaterialUsageDesc: LightingModel=MSM_DefaultLit, BlendMode=BLEND_Translucent, SpecialEngine=0, TwoSided=0, TSNormal=1, Masked=0, Distorted=0, WritesEveryPixel=1, ModifiesMeshPosition=0, Usage={bUsedWithSkeletalMesh,bUsedWithStaticLighting}
[2019.02.01-01.16.51:624][966]LogWindows: Error: 
[2019.02.01-01.16.51:624][966]LogWindows: Error: 
[2019.02.01-01.16.51:624][966]LogWindows: Error: [Callstack] 0x00007ff984faa388 KERNELBASE.dll!UnknownFunction []
[2019.02.01-01.16.51:624][966]LogWindows: Error: [Callstack] 0x00007ff9305ecd1a UE4Editor-Core.dll!UnknownFunction []
[2019.02.01-01.16.51:624][966]LogWindows: Error: [Callstack] 0x00007ff9303ca967 UE4Editor-Core.dll!UnknownFunction []
[2019.02.01-01.16.51:624][966]LogWindows: Error: [Callstack] 0x00007ff930300df7 UE4Editor-Core.dll!UnknownFunction []
[2019.02.01-01.16.51:624][966]LogWindows: Error: [Callstack] 0x00007ff923029ab1 UE4Editor-Engine.dll!UnknownFunction []
[2019.02.01-01.16.51:624][966]LogWindows: Error: [Callstack] 0x00007ff91e6ef49d UE4Editor-Renderer.dll!UnknownFunction []
[2019.02.01-01.16.51:624][966]LogWindows: Error: [Callstack] 0x00007ff91e70ee20 UE4Editor-Renderer.dll!UnknownFunction []
[2019.02.01-01.16.51:624][966]LogWindows: Error: [Callstack] 0x00007ff91e69c6cb UE4Editor-Renderer.dll!UnknownFunction []
[2019.02.01-01.16.51:624][966]LogWindows: Error: [Callstack] 0x00007ff91e0bca6e UE4Editor-Renderer.dll!UnknownFunction []
[2019.02.01-01.16.51:624][966]LogWindows: Error: [Callstack] 0x00007ff91e5d4a62 UE4Editor-Renderer.dll!UnknownFunction []
[2019.02.01-01.16.51:624][966]LogWindows: Error: [Callstack] 0x00007ff91e5a2172 UE4Editor-Renderer.dll!UnknownFunction []
[2019.02.01-01.16.51:624][966]LogWindows: Error: [Callstack] 0x00007ff930191798 UE4Editor-Core.dll!UnknownFunction []
[2019.02.01-01.16.51:624][966]LogWindows: Error: [Callstack] 0x00007ff930191c56 UE4Editor-Core.dll!UnknownFunction []
[2019.02.01-01.16.51:624][966]LogWindows: Error: [Callstack] 0x00007ff96fe99af9 UE4Editor-RenderCore.dll!UnknownFunction []
[2019.02.01-01.16.51:624][966]LogWindows: Error: [Callstack] 0x00007ff96fe9aa74 UE4Editor-RenderCore.dll!UnknownFunction []
[2019.02.01-01.16.51:624][966]LogWindows: Error: [Callstack] 0x00007ff9305ec500 UE4Editor-Core.dll!UnknownFunction []
[2019.02.01-01.16.51:624][966]LogWindows: Error: [Callstack] 0x00007ff9305dcac1 UE4Editor-Core.dll!UnknownFunction []
[2019.02.01-01.16.51:624][966]LogWindows: Error: [Callstack] 0x00007ff986123034 KERNEL32.DLL!UnknownFunction []
[2019.02.01-01.16.51:624][966]LogWindows: Error: [Callstack] 0x00007ff9887d3691 ntdll.dll!UnknownFunction []
[2019.02.01-01.16.51:625][966]LogWindows: Error: 
[2019.02.01-01.16.51:625][966]LogWindows: Error: 
[2019.02.01-01.16.51:625][966]LogWindows: Error: 
[2019.02.01-01.16.51:625][966]LogWindows: Error: 
[2019.02.01-01.16.51:645][966]LogExit: Executing StaticShutdownAfterError
[2019.02.01-01.16.51:649][966]LogWindows: FPlatformMisc::RequestExit(1)
[2019.02.01-01.16.51:654][966]Log file closed, 01/31/19 18:16:51
